#
# A fatal error has been detected by the Java Runtime Environment:
#
#  EXCEPTION_ACCESS_VIOLATION (0xc0000005) at pc=0x0000000058e7f0a0, pid=416, tid=0x0000000000000e14
#
# JRE version: OpenJDK Runtime Environment (8.0_112-b06) (build 1.8.0_112-release-b06)
# Java VM: OpenJDK 64-Bit Server VM (25.112-b06 mixed mode windows-amd64 compressed oops)
# Problematic frame:
# C  0x0000000058e7f0a0
#
# Failed to write core dump. Minidumps are not enabled by default on client versions of Windows
#
# If you would like to submit a bug report, please visit:
#   http://bugreport.java.com/bugreport/crash.jsp
#

---------------  T H R E A D  ---------------

Current thread (0x00000000021dc000):  GCTaskThread [stack: 0x00000000121f0000,0x00000000122f0000] [id=3604]

siginfo: ExceptionCode=0xc0000005, ExceptionInformation=0x0000000000000008 0x0000000058e7f0a0

Registers:
RAX=0x000000005877d000, RBX=0x00000000e2ecbe00, RCX=0x0000000015f95c88, RDX=0x0000000056335280
RSP=0x00000000122ef958, RBP=0x0000000000000000, RSI=0x0000000056335280, RDI=0x0000000000000005
R8 =0x00000000e2ecbe00, R9 =0x0000000015f95c88, R10=0x00000000a3855fd8, R11=0x00000000021d4f50
R12=0x0000000011bf13b9, R13=0x0000000000000005, R14=0x0000000000000001, R15=0x00000000021d4f50
RIP=0x0000000058e7f0a0, EFLAGS=0x0000000000010207

Top of Stack: (sp=0x00000000122ef958)
0x00000000122ef958:   00000000641aab07 00000000021d4f30
0x00000000122ef968:   0000000000000000 0000000056335280
0x00000000122ef978:   0000000011bf13b9 0000000000000000
0x00000000122ef988:   00000000641aae3d 00000000e2ecbe00
0x00000000122ef998:   0000000056335280 0000000056335280
0x00000000122ef9a8:   00000000e8ea0e80 00000000e9fc47c8
0x00000000122ef9b8:   0000000000001000 00000000a3853fe8
0x00000000122ef9c8:   0000000000000400 0000000000000000
0x00000000122ef9d8:   0000000056335200 0000000011bf13b9
0x00000000122ef9e8:   00000000641aaf90 00000000e9fc2ab0
0x00000000122ef9f8:   0000000011bf1401 0000000056335280
0x00000000122efa08:   00000000a0277650 00000000e9fc2ab0
0x00000000122efa18:   00000000641abb35 00000000e2eca6a8
0x00000000122efa28:   0000000011bf1401 0000000056335280
0x00000000122efa38:   0000000000000004 0000000056335280
0x00000000122efa48:   0000000056335280 00000000a01bef4c 

Instructions: (pc=0x0000000058e7f0a0)
0x0000000058e7f080:   78 93 fa 5e 00 00 00 00 d8 03 00 00 00 00 00 00
0x0000000058e7f090:   00 00 00 00 00 00 00 00 8b 3a e8 2a 68 00 00 88
0x0000000058e7f0a0:   02 00 00 00 00 00 00 00 30 8e e8 58 00 00 00 00
0x0000000058e7f0b0:   30 8e e8 58 00 00 00 00 48 8e e8 58 00 00 00 00 


Register to memory mapping:

RAX=0x000000005877d000 is an unknown value
RBX=0x00000000e2ecbe00 is an oop

[error occurred during error reporting (printing register info), id 0xc0000005]

Stack: [0x00000000121f0000,0x00000000122f0000],  sp=0x00000000122ef958,  free space=1022k
Native frames: (J=compiled Java code, j=interpreted, Vv=VM code, C=native code)


---------------  P R O C E S S  ---------------

Java Threads: ( => current thread )
  0x000000005988a000 JavaThread "pool-112-thread-1" [_thread_blocked, id=4496, stack(0x0000000064a00000,0x0000000064b00000)]
  0x000000005bf68800 JavaThread "Cache update executor" [_thread_blocked, id=5148, stack(0x000000005f960000,0x000000005fa60000)]
  0x000000005bf69000 JavaThread "Stdin handler" [_thread_blocked, id=1168, stack(0x0000000059d30000,0x0000000059e30000)]
  0x000000005bf74800 JavaThread "Asynchronous log dispatcher for DefaultDaemonConnection: socket connection from /127.0.0.1:53949 to /127.0.0.1:59661" [_thread_blocked, id=3984, stack(0x000000005e510000,0x000000005e610000)]
  0x000000005bf70800 JavaThread "Daemon worker Thread 17" [_thread_blocked, id=2324, stack(0x000000005ac20000,0x000000005ad20000)]
  0x000000005bf6b800 JavaThread "Cancel handler" [_thread_blocked, id=5944, stack(0x000000005aa10000,0x000000005ab10000)]
  0x000000005bf75800 JavaThread "Handler for socket connection from /127.0.0.1:53949 to /127.0.0.1:59661" [_thread_in_native, id=5608, stack(0x000000005a870000,0x000000005a970000)]
  0x000000005bf6e800 JavaThread "Daemon Thread 17" [_thread_blocked, id=1612, stack(0x000000005a680000,0x000000005a780000)]
  0x0000000059c81800 JavaThread "pool-4-thread-4" [_thread_blocked, id=5356, stack(0x0000000062c70000,0x0000000062d70000)]
  0x0000000059c7e800 JavaThread "pool-4-thread-3" [_thread_blocked, id=5056, stack(0x0000000063550000,0x0000000063650000)]
  0x000000005bf73800 JavaThread "pool-4-thread-2" [_thread_blocked, id=2012, stack(0x0000000062dd0000,0x0000000062ed0000)]
  0x000000005bf71800 JavaThread "pool-4-thread-1" [_thread_blocked, id=4188, stack(0x000000005d3a0000,0x000000005d4a0000)]
  0x000000005bf67800 JavaThread "File lock request listener" [_thread_in_native, id=4388, stack(0x0000000060f30000,0x0000000061030000)]
  0x0000000058e96000 JavaThread "pool-1-thread-1" [_thread_blocked, id=604, stack(0x000000005a4b0000,0x000000005a5b0000)]
  0x00000000591fc800 JavaThread "Incoming local TCP Connector on port 53949" [_thread_in_native, id=2876, stack(0x000000005a130000,0x000000005a230000)]
  0x0000000057bf3800 JavaThread "Service Thread" daemon [_thread_blocked, id=2124, stack(0x0000000057840000,0x0000000057940000)]
  0x0000000057bd2000 JavaThread "C1 CompilerThread2" daemon [_thread_blocked, id=4572, stack(0x0000000058180000,0x0000000058280000)]
  0x0000000057bd0800 JavaThread "C2 CompilerThread1" daemon [_thread_blocked, id=4960, stack(0x0000000058000000,0x0000000058100000)]
  0x000000005639e800 JavaThread "C2 CompilerThread0" daemon [_thread_blocked, id=3212, stack(0x0000000057a80000,0x0000000057b80000)]
  0x00000000563ac000 JavaThread "Attach Listener" daemon [_thread_blocked, id=3572, stack(0x0000000057950000,0x0000000057a50000)]
  0x00000000563ab000 JavaThread "Signal Dispatcher" daemon [_thread_blocked, id=3328, stack(0x00000000576f0000,0x00000000577f0000)]
  0x0000000056387000 JavaThread "Finalizer" daemon [_thread_blocked, id=4652, stack(0x0000000057460000,0x0000000057560000)]
  0x0000000056340000 JavaThread "Reference Handler" daemon [_thread_blocked, id=1992, stack(0x0000000057580000,0x0000000057680000)]
  0x000000000232d800 JavaThread "main" [_thread_blocked, id=1572, stack(0x0000000002460000,0x0000000002560000)]

Other Threads:
  0x0000000056338800 VMThread [stack: 0x0000000057340000,0x0000000057440000] [id=2624]
  0x0000000057bf4000 WatcherThread [stack: 0x00000000583c0000,0x00000000584c0000] [id=3964]

=>0x00000000021dc000 (exited) GCTaskThread [stack: 0x00000000121f0000,0x00000000122f0000] [id=3604]

VM state:at safepoint (normal execution)

VM Mutex/Monitor currently owned by a thread:  ([mutex/lock_event])
[0x000000000232be80] Threads_lock - owner thread: 0x0000000056338800
[0x000000000232c380] Heap_lock - owner thread: 0x000000005bf73800

Heap:
 PSYoungGen      total 144896K, used 144513K [0x00000000e0000000, 0x00000000eb200000, 0x0000000100000000)
  eden space 137216K, 100% used [0x00000000e0000000,0x00000000e8600000,0x00000000e8600000)
  from space 7680K, 95% used [0x00000000e8b80000,0x00000000e92a0520,0x00000000e9300000)
  to   space 22528K, 65% used [0x00000000e9c00000,0x00000000eaa83480,0x00000000eb200000)
 ParOldGen       total 75776K, used 57695K [0x00000000a0000000, 0x00000000a4a00000, 0x00000000e0000000)
  object space 75776K, 76% used [0x00000000a0000000,0x00000000a3857fe8,0x00000000a4a00000)
 Metaspace       used 72688K, capacity 77918K, committed 78208K, reserved 1118208K
  class space    used 9081K, capacity 9778K, committed 9856K, reserved 1048576K

Card table byte_map: [0x0000000011bf0000,0x0000000011f00000] byte_map_base: 0x00000000116f0000

Marking Bits: (ParMarkBitMap*) 0x00000000645a18f0
 Begin Bits: [0x00000000126b0000, 0x0000000013eb0000)
 End Bits:   [0x0000000013eb0000, 0x00000000156b0000)

Polling page: 0x0000000000130000

CodeCache: size=245760Kb used=56877Kb max_used=56953Kb free=188882Kb
 bounds [0x0000000002830000, 0x0000000006030000, 0x0000000011830000]
 total_blobs=16962 nmethods=16145 adapters=728
 compilation: enabled

Compilation events (10 events):
Event: 4219.401 Thread 0x000000005639e800 20819 %     4       com.android.dx.merge.DexMerger::getSortedTypes @ 59 (147 bytes)
Event: 4219.401 Thread 0x0000000057bd0800 20818       4       com.android.dex.Dex$ClassDefIterator::next (5 bytes)
Event: 4219.408 Thread 0x000000005639e800 nmethod 20819% 0x0000000003a37650 code [0x0000000003a377e0, 0x0000000003a37c48]
Event: 4219.412 Thread 0x000000005639e800 20820       4       com.android.dx.merge.SortableType$1::compare (50 bytes)
Event: 4219.414 Thread 0x000000005639e800 nmethod 20820 0x0000000002aa8890 code [0x0000000002aa89c0, 0x0000000002aa8a78]
Event: 4219.415 Thread 0x000000005639e800 20821       4       java.util.TimSort::countRunAndMakeAscending (128 bytes)
Event: 4219.416 Thread 0x0000000057bd0800 nmethod 20818 0x0000000003c006d0 code [0x0000000003c00840, 0x0000000003c01078]
Event: 4219.428 Thread 0x000000005639e800 nmethod 20821 0x000000000449d450 code [0x000000000449d5a0, 0x000000000449de58]
Event: 4219.428 Thread 0x000000005639e800 20822       4       com.android.dx.merge.SortableType$1::compare (13 bytes)
Event: 4219.430 Thread 0x000000005639e800 nmethod 20822 0x0000000002e9ae50 code [0x0000000002e9afa0, 0x0000000002e9b0b8]

GC Heap History (10 events):
Event: 3843.271 GC heap after
Heap after GC invocations=46 (full 3):
 PSYoungGen      total 157184K, used 6769K [0x00000000e0000000, 0x00000000ebe80000, 0x0000000100000000)
  eden space 150016K, 0% used [0x00000000e0000000,0x00000000e0000000,0x00000000e9280000)
  from space 7168K, 94% used [0x00000000e9880000,0x00000000e9f1c4e8,0x00000000e9f80000)
  to   space 22528K, 0% used [0x00000000ea880000,0x00000000ea880000,0x00000000ebe80000)
 ParOldGen       total 75776K, used 57487K [0x00000000a0000000, 0x00000000a4a00000, 0x00000000e0000000)
  object space 75776K, 75% used [0x00000000a0000000,0x00000000a3823fe8,0x00000000a4a00000)
 Metaspace       used 72473K, capacity 77602K, committed 77696K, reserved 1118208K
  class space    used 9065K, capacity 9762K, committed 9856K, reserved 1048576K
}
Event: 3844.605 GC heap before
{Heap before GC invocations=47 (full 3):
 PSYoungGen      total 157184K, used 156785K [0x00000000e0000000, 0x00000000ebe80000, 0x0000000100000000)
  eden space 150016K, 100% used [0x00000000e0000000,0x00000000e9280000,0x00000000e9280000)
  from space 7168K, 94% used [0x00000000e9880000,0x00000000e9f1c4e8,0x00000000e9f80000)
  to   space 22528K, 0% used [0x00000000ea880000,0x00000000ea880000,0x00000000ebe80000)
 ParOldGen       total 75776K, used 57487K [0x00000000a0000000, 0x00000000a4a00000, 0x00000000e0000000)
  object space 75776K, 75% used [0x00000000a0000000,0x00000000a3823fe8,0x00000000a4a00000)
 Metaspace       used 72497K, capacity 77670K, committed 77952K, reserved 1118208K
  class space    used 9065K, capacity 9762K, committed 9856K, reserved 1048576K
Event: 3844.627 GC heap after
Heap after GC invocations=47 (full 3):
 PSYoungGen      total 172032K, used 15415K [0x00000000e0000000, 0x00000000eca80000, 0x0000000100000000)
  eden space 149504K, 0% used [0x00000000e0000000,0x00000000e0000000,0x00000000e9200000)
  from space 22528K, 68% used [0x00000000ea880000,0x00000000eb78dcb8,0x00000000ebe80000)
  to   space 23040K, 0% used [0x00000000e9200000,0x00000000e9200000,0x00000000ea880000)
 ParOldGen       total 75776K, used 57543K [0x00000000a0000000, 0x00000000a4a00000, 0x00000000e0000000)
  object space 75776K, 75% used [0x00000000a0000000,0x00000000a3831fe8,0x00000000a4a00000)
 Metaspace       used 72497K, capacity 77670K, committed 77952K, reserved 1118208K
  class space    used 9065K, capacity 9762K, committed 9856K, reserved 1048576K
}
Event: 4073.843 GC heap before
{Heap before GC invocations=48 (full 3):
 PSYoungGen      total 172032K, used 164919K [0x00000000e0000000, 0x00000000eca80000, 0x0000000100000000)
  eden space 149504K, 100% used [0x00000000e0000000,0x00000000e9200000,0x00000000e9200000)
  from space 22528K, 68% used [0x00000000ea880000,0x00000000eb78dcb8,0x00000000ebe80000)
  to   space 23040K, 0% used [0x00000000e9200000,0x00000000e9200000,0x00000000ea880000)
 ParOldGen       total 75776K, used 57543K [0x00000000a0000000, 0x00000000a4a00000, 0x00000000e0000000)
  object space 75776K, 75% used [0x00000000a0000000,0x00000000a3831fe8,0x00000000a4a00000)
 Metaspace       used 72567K, capacity 77822K, committed 77952K, reserved 1118208K
  class space    used 9073K, capacity 9770K, committed 9856K, reserved 1048576K
Event: 4073.854 GC heap after
Heap after GC invocations=48 (full 3):
 PSYoungGen      total 151040K, used 7347K [0x00000000e0000000, 0x00000000eb800000, 0x0000000100000000)
  eden space 143360K, 0% used [0x00000000e0000000,0x00000000e0000000,0x00000000e8c00000)
  from space 7680K, 95% used [0x00000000e9200000,0x00000000e992ce58,0x00000000e9980000)
  to   space 22528K, 0% used [0x00000000ea200000,0x00000000ea200000,0x00000000eb800000)
 ParOldGen       total 75776K, used 57567K [0x00000000a0000000, 0x00000000a4a00000, 0x00000000e0000000)
  object space 75776K, 75% used [0x00000000a0000000,0x00000000a3837fe8,0x00000000a4a00000)
 Metaspace       used 72567K, capacity 77822K, committed 77952K, reserved 1118208K
  class space    used 9073K, capacity 9770K, committed 9856K, reserved 1048576K
}
Event: 4074.896 GC heap before
{Heap before GC invocations=49 (full 3):
 PSYoungGen      total 151040K, used 150707K [0x00000000e0000000, 0x00000000eb800000, 0x0000000100000000)
  eden space 143360K, 100% used [0x00000000e0000000,0x00000000e8c00000,0x00000000e8c00000)
  from space 7680K, 95% used [0x00000000e9200000,0x00000000e992ce58,0x00000000e9980000)
  to   space 22528K, 0% used [0x00000000ea200000,0x00000000ea200000,0x00000000eb800000)
 ParOldGen       total 75776K, used 57567K [0x00000000a0000000, 0x00000000a4a00000, 0x00000000e0000000)
  object space 75776K, 75% used [0x00000000a0000000,0x00000000a3837fe8,0x00000000a4a00000)
 Metaspace       used 72603K, capacity 77830K, committed 77952K, reserved 1118208K
  class space    used 9073K, capacity 9770K, committed 9856K, reserved 1048576K
Event: 4074.920 GC heap after
Heap after GC invocations=49 (full 3):
 PSYoungGen      total 165376K, used 15623K [0x00000000e0000000, 0x00000000ec480000, 0x0000000100000000)
  eden space 142848K, 0% used [0x00000000e0000000,0x00000000e0000000,0x00000000e8b80000)
  from space 22528K, 69% used [0x00000000ea200000,0x00000000eb141e68,0x00000000eb800000)
  to   space 23040K, 0% used [0x00000000e8b80000,0x00000000e8b80000,0x00000000ea200000)
 ParOldGen       total 75776K, used 57615K [0x00000000a0000000, 0x00000000a4a00000, 0x00000000e0000000)
  object space 75776K, 76% used [0x00000000a0000000,0x00000000a3843fe8,0x00000000a4a00000)
 Metaspace       used 72603K, capacity 77830K, committed 77952K, reserved 1118208K
  class space    used 9073K, capacity 9770K, committed 9856K, reserved 1048576K
}
Event: 4218.251 GC heap before
{Heap before GC invocations=50 (full 3):
 PSYoungGen      total 165376K, used 158471K [0x00000000e0000000, 0x00000000ec480000, 0x0000000100000000)
  eden space 142848K, 100% used [0x00000000e0000000,0x00000000e8b80000,0x00000000e8b80000)
  from space 22528K, 69% used [0x00000000ea200000,0x00000000eb141e68,0x00000000eb800000)
  to   space 23040K, 0% used [0x00000000e8b80000,0x00000000e8b80000,0x00000000ea200000)
 ParOldGen       total 75776K, used 57615K [0x00000000a0000000, 0x00000000a4a00000, 0x00000000e0000000)
  object space 75776K, 76% used [0x00000000a0000000,0x00000000a3843fe8,0x00000000a4a00000)
 Metaspace       used 72656K, capacity 77918K, committed 78208K, reserved 1118208K
  class space    used 9081K, capacity 9778K, committed 9856K, reserved 1048576K
Event: 4218.261 GC heap after
Heap after GC invocations=50 (full 3):
 PSYoungGen      total 144896K, used 7297K [0x00000000e0000000, 0x00000000eb200000, 0x0000000100000000)
  eden space 137216K, 0% used [0x00000000e0000000,0x00000000e0000000,0x00000000e8600000)
  from space 7680K, 95% used [0x00000000e8b80000,0x00000000e92a0520,0x00000000e9300000)
  to   space 22528K, 0% used [0x00000000e9c00000,0x00000000e9c00000,0x00000000eb200000)
 ParOldGen       total 75776K, used 57663K [0x00000000a0000000, 0x00000000a4a00000, 0x00000000e0000000)
  object space 75776K, 76% used [0x00000000a0000000,0x00000000a384ffe8,0x00000000a4a00000)
 Metaspace       used 72656K, capacity 77918K, committed 78208K, reserved 1118208K
  class space    used 9081K, capacity 9778K, committed 9856K, reserved 1048576K
}
Event: 4219.443 GC heap before
{Heap before GC invocations=51 (full 3):
 PSYoungGen      total 144896K, used 144513K [0x00000000e0000000, 0x00000000eb200000, 0x0000000100000000)
  eden space 137216K, 100% used [0x00000000e0000000,0x00000000e8600000,0x00000000e8600000)
  from space 7680K, 95% used [0x00000000e8b80000,0x00000000e92a0520,0x00000000e9300000)
  to   space 22528K, 0% used [0x00000000e9c00000,0x00000000e9c00000,0x00000000eb200000)
 ParOldGen       total 75776K, used 57663K [0x00000000a0000000, 0x00000000a4a00000, 0x00000000e0000000)
  object space 75776K, 76% used [0x00000000a0000000,0x00000000a384ffe8,0x00000000a4a00000)
 Metaspace       used 72688K, capacity 77918K, committed 78208K, reserved 1118208K
  class space    used 9081K, capacity 9778K, committed 9856K, reserved 1048576K

Deoptimization events (10 events):
Event: 4073.970 Thread 0x000000005bf75800 Uncommon trap: reason=class_check action=maybe_recompile pc=0x0000000005e8e170 method=com.google.common.collect.Iterators$5.hasNext()Z @ 7
Event: 4074.342 Thread 0x000000005bf75800 Uncommon trap: reason=bimorphic action=maybe_recompile pc=0x00000000057c15f4 method=com.sun.tools.javac.code.Types$4.visitClassType(Lcom/sun/tools/javac/code/Type$ClassType;Lcom/sun/tools/javac/code/Type;)Ljava/lang/Boolean; @ 77
Event: 4074.343 Thread 0x000000005bf75800 Uncommon trap: reason=bimorphic action=maybe_recompile pc=0x00000000057c15f4 method=com.sun.tools.javac.code.Types$4.visitClassType(Lcom/sun/tools/javac/code/Type$ClassType;Lcom/sun/tools/javac/code/Type;)Ljava/lang/Boolean; @ 77
Event: 4074.536 Thread 0x0000000059c7e800 Uncommon trap: reason=array_check action=maybe_recompile pc=0x0000000005e787c0 method=java.util.TimSort.reverseRange([Ljava/lang/Object;II)V @ 20
Event: 4074.538 Thread 0x0000000059c7e800 Uncommon trap: reason=array_check action=maybe_recompile pc=0x0000000005e787c0 method=java.util.TimSort.reverseRange([Ljava/lang/Object;II)V @ 20
Event: 4074.580 Thread 0x0000000059c7e800 Uncommon trap: reason=array_check action=maybe_recompile pc=0x0000000005e787c0 method=java.util.TimSort.reverseRange([Ljava/lang/Object;II)V @ 20
Event: 4074.837 Thread 0x0000000059c81800 Uncommon trap: reason=array_check action=maybe_recompile pc=0x0000000005e787c0 method=java.util.TimSort.reverseRange([Ljava/lang/Object;II)V @ 20
Event: 4219.130 Thread 0x000000005bf71800 Uncommon trap: reason=array_check action=maybe_recompile pc=0x0000000005f4b79c method=java.util.TimSort.reverseRange([Ljava/lang/Object;II)V @ 20
Event: 4219.132 Thread 0x000000005bf71800 Uncommon trap: reason=array_check action=maybe_recompile pc=0x0000000005f6b7cc method=java.util.TimSort.reverseRange([Ljava/lang/Object;II)V @ 27
Event: 4219.187 Thread 0x000000005bf71800 Uncommon trap: reason=array_check action=maybe_recompile pc=0x0000000005f6b7cc method=java.util.TimSort.reverseRange([Ljava/lang/Object;II)V @ 27

Internal exceptions (10 events):
Event: 4218.186 Thread 0x000000005bf70800 Exception <a 'sun/nio/fs/WindowsException'> (0x00000000e82c7fd0) thrown at [C:\src\android\AOSP-openjdk\external\jetbrains\jdk\hotspot\src\share\vm\prims\jni.cpp, line 709]
Event: 4218.186 Thread 0x000000005bf70800 Exception <a 'sun/nio/fs/WindowsException'> (0x00000000e82c8b58) thrown at [C:\src\android\AOSP-openjdk\external\jetbrains\jdk\hotspot\src\share\vm\prims\jni.cpp, line 709]
Event: 4218.186 Thread 0x000000005bf70800 Exception <a 'sun/nio/fs/WindowsException'> (0x00000000e82cb6e0) thrown at [C:\src\android\AOSP-openjdk\external\jetbrains\jdk\hotspot\src\share\vm\prims\jni.cpp, line 709]
Event: 4218.186 Thread 0x000000005bf70800 Exception <a 'sun/nio/fs/WindowsException'> (0x00000000e82cc220) thrown at [C:\src\android\AOSP-openjdk\external\jetbrains\jdk\hotspot\src\share\vm\prims\jni.cpp, line 709]
Event: 4218.186 Thread 0x000000005bf70800 Exception <a 'sun/nio/fs/WindowsException'> (0x00000000e82cdd98) thrown at [C:\src\android\AOSP-openjdk\external\jetbrains\jdk\hotspot\src\share\vm\prims\jni.cpp, line 709]
Event: 4218.187 Thread 0x000000005bf70800 Exception <a 'sun/nio/fs/WindowsException'> (0x00000000e82ce918) thrown at [C:\src\android\AOSP-openjdk\external\jetbrains\jdk\hotspot\src\share\vm\prims\jni.cpp, line 709]
Event: 4218.187 Thread 0x000000005bf70800 Exception <a 'sun/nio/fs/WindowsException'> (0x00000000e82d2070) thrown at [C:\src\android\AOSP-openjdk\external\jetbrains\jdk\hotspot\src\share\vm\prims\jni.cpp, line 709]
Event: 4218.187 Thread 0x000000005bf70800 Exception <a 'sun/nio/fs/WindowsException'> (0x00000000e82d2bc8) thrown at [C:\src\android\AOSP-openjdk\external\jetbrains\jdk\hotspot\src\share\vm\prims\jni.cpp, line 709]
Event: 4218.187 Thread 0x000000005bf70800 Exception <a 'sun/nio/fs/WindowsException'> (0x00000000e82d4768) thrown at [C:\src\android\AOSP-openjdk\external\jetbrains\jdk\hotspot\src\share\vm\prims\jni.cpp, line 709]
Event: 4218.187 Thread 0x000000005bf70800 Exception <a 'sun/nio/fs/WindowsException'> (0x00000000e82d52f8) thrown at [C:\src\android\AOSP-openjdk\external\jetbrains\jdk\hotspot\src\share\vm\prims\jni.cpp, line 709]

Events (10 events):
Event: 4219.346 Thread 0x0000000057bd0800 flushing nmethod 0x00000000041ba110
Event: 4219.347 Thread 0x0000000057bd0800 flushing nmethod 0x000000000420b690
Event: 4219.348 Thread 0x0000000057bd0800 flushing nmethod 0x0000000004382a50
Event: 4219.349 Thread 0x0000000057bd0800 flushing nmethod 0x000000000449d1d0
Event: 4219.349 Thread 0x0000000057bd0800 flushing nmethod 0x00000000044f4850
Event: 4219.350 Thread 0x0000000057bd0800 flushing nmethod 0x0000000004621490
Event: 4219.353 Thread 0x0000000057bd0800 flushing nmethod 0x0000000004a3af50
Event: 4219.399 Thread 0x000000005bf73800 DEOPT PACKING pc=0x0000000005534c35 sp=0x0000000062ecea20
Event: 4219.399 Thread 0x000000005bf73800 DEOPT UNPACKING pc=0x00000000028775bf sp=0x0000000062ece768 mode 0
Event: 4219.443 Executing VM operation: ParallelGCFailedAllocation


Dynamic libraries:
0x000000013fa80000 - 0x000000013fab1000 	C:\Program Files\Android\Android Studio\jre\bin\java.exe
0x0000000076ea0000 - 0x000000007704a000 	C:\Windows\SYSTEM32\ntdll.dll
0x0000000076c80000 - 0x0000000076d9f000 	C:\Windows\system32\kernel32.dll
0x000007fefccf0000 - 0x000007fefcd5a000 	C:\Windows\system32\KERNELBASE.dll
0x000007fefd2d0000 - 0x000007fefd3ab000 	C:\Windows\system32\ADVAPI32.dll
0x000007fefd8e0000 - 0x000007fefd97f000 	C:\Windows\system32\msvcrt.dll
0x000007fefd080000 - 0x000007fefd09f000 	C:\Windows\SYSTEM32\sechost.dll
0x000007fefcf50000 - 0x000007fefd07d000 	C:\Windows\system32\RPCRT4.dll
0x0000000076da0000 - 0x0000000076e9a000 	C:\Windows\system32\USER32.dll
0x000007feff140000 - 0x000007feff1a7000 	C:\Windows\system32\GDI32.dll
0x000007fefd170000 - 0x000007fefd17e000 	C:\Windows\system32\LPK.dll
0x000007fefd200000 - 0x000007fefd2cb000 	C:\Windows\system32\USP10.dll
0x000007fefb390000 - 0x000007fefb584000 	C:\Windows\WinSxS\amd64_microsoft.windows.common-controls_6595b64144ccf1df_6.0.7601.18837_none_fa3b1e3d17594757\COMCTL32.dll
0x000007fefd180000 - 0x000007fefd1f1000 	C:\Windows\system32\SHLWAPI.dll
0x000007fefd140000 - 0x000007fefd16e000 	C:\Windows\system32\IMM32.DLL
0x000007fefd400000 - 0x000007fefd509000 	C:\Windows\system32\MSCTF.dll
0x00000000685b0000 - 0x0000000068682000 	C:\Program Files\Android\Android Studio\jre\jre\bin\msvcr100.dll
0x0000000063de0000 - 0x000000006461c000 	C:\Program Files\Android\Android Studio\jre\jre\bin\server\jvm.dll
0x000007fefb370000 - 0x000007fefb379000 	C:\Windows\system32\WSOCK32.dll
0x000007fefd3b0000 - 0x000007fefd3fd000 	C:\Windows\system32\WS2_32.dll
0x000007fefd5f0000 - 0x000007fefd5f8000 	C:\Windows\system32\NSI.dll
0x000007fefa6a0000 - 0x000007fefa6db000 	C:\Windows\system32\WINMM.dll
0x000007fefbc70000 - 0x000007fefbc7c000 	C:\Windows\system32\VERSION.dll
0x0000000077070000 - 0x0000000077077000 	C:\Windows\system32\PSAPI.DLL
0x000007fefb380000 - 0x000007fefb38f000 	C:\Program Files\Android\Android Studio\jre\jre\bin\verify.dll
0x000007fef5440000 - 0x000007fef5469000 	C:\Program Files\Android\Android Studio\jre\jre\bin\java.dll
0x000007fef5eb0000 - 0x000007fef5ec6000 	C:\Program Files\Android\Android Studio\jre\jre\bin\zip.dll
0x000007fefdc50000 - 0x000007fefe9db000 	C:\Windows\system32\SHELL32.dll
0x000007fefedb0000 - 0x000007fefefac000 	C:\Windows\system32\ole32.dll
0x000007fefcb90000 - 0x000007fefcb9f000 	C:\Windows\system32\profapi.dll
0x000007fef57d0000 - 0x000007fef57ea000 	C:\Program Files\Android\Android Studio\jre\jre\bin\net.dll
0x000007fefc360000 - 0x000007fefc3b5000 	C:\Windows\system32\mswsock.dll
0x000007fefc350000 - 0x000007fefc357000 	C:\Windows\System32\wship6.dll
0x000007fef5320000 - 0x000007fef5331000 	C:\Program Files\Android\Android Studio\jre\jre\bin\nio.dll
0x000007fef4ba0000 - 0x000007fef4bbe000 	C:\Users\hungpt\.gradle\native\23\windows-amd64\native-platform.dll
0x000007fefc3c0000 - 0x000007fefc3d8000 	C:\Windows\system32\CRYPTSP.dll
0x000007fefc0c0000 - 0x000007fefc107000 	C:\Windows\system32\rsaenh.dll
0x000007fefcdc0000 - 0x000007fefcdde000 	C:\Windows\system32\USERENV.dll
0x000007fefca30000 - 0x000007fefca3f000 	C:\Windows\system32\CRYPTBASE.dll
0x000007fef9b60000 - 0x000007fef9b87000 	C:\Windows\system32\IPHLPAPI.DLL
0x000007fef9b50000 - 0x000007fef9b5b000 	C:\Windows\system32\WINNSI.DLL
0x000007fef9a70000 - 0x000007fef9a81000 	C:\Windows\system32\dhcpcsvc6.DLL
0x000007fef9a50000 - 0x000007fef9a68000 	C:\Windows\system32\dhcpcsvc.DLL
0x000007fefa050000 - 0x000007fefa05d000 	C:\Program Files\Android\Android Studio\jre\jre\bin\management.dll
0x000007fefc9d0000 - 0x000007fefca27000 	C:\Windows\system32\apphelp.dll
0x000007fef4f00000 - 0x000007fef4f24000 	C:\Program Files\Android\Android Studio\jre\jre\bin\sunec.dll
0x000007fefbd40000 - 0x000007fefbd47000 	C:\Windows\System32\wshtcpip.dll
0x000007fefc1e0000 - 0x000007fefc23b000 	C:\Windows\system32\DNSAPI.dll
0x000007fef57f0000 - 0x000007fef57f8000 	C:\Windows\system32\rasadhlp.dll
0x000007fef99f0000 - 0x000007fef9a43000 	C:\Windows\System32\fwpuclnt.dll
0x000007fef5140000 - 0x000007fef514b000 	C:\Program Files\Android\Android Studio\jre\jre\bin\sunmscapi.dll
0x000007fefcde0000 - 0x000007fefcf4d000 	C:\Windows\system32\CRYPT32.dll
0x000007fefcba0000 - 0x000007fefcbaf000 	C:\Windows\system32\MSASN1.dll
0x000007fef4f80000 - 0x000007fef50a5000 	C:\Windows\system32\dbghelp.dll

VM Arguments:
jvm_args: -Xmx1536m -Dfile.encoding=windows-1252 -Duser.country=US -Duser.language=en -Duser.variant 
java_command: org.gradle.launcher.daemon.bootstrap.GradleDaemon 3.3
java_class_path (initial): C:\Users\hungpt\.gradle\wrapper\dists\gradle-3.3-all\55gk2rcmfc6p2dg9u9ohc3hw9\gradle-3.3\lib\gradle-launcher-3.3.jar
Launcher Type: SUN_STANDARD

Environment Variables:
PATH=C:\ProgramData\Oracle\Java\javapath;c:\Program Files (x86)\AMD APP\bin\x86_64;c:\Program Files (x86)\AMD APP\bin\x86;C:\Windows\system32;C:\Windows;C:\Windows\System32\Wbem;C:\Windows\System32\WindowsPowerShell\v1.0\;c:\Program Files (x86)\ATI Technologies\ATI.ACE\Core-Static;C:\Program Files (x86)\Skype\Phone\
USERNAME=hungpt
OS=Windows_NT
PROCESSOR_IDENTIFIER=Intel64 Family 6 Model 42 Stepping 7, GenuineIntel



---------------  S Y S T E M  ---------------

OS: Windows 7 , 64 bit Build 7601 (6.1.7601.23807)

CPU:total 4 (2 cores per cpu, 2 threads per core) family 6 model 42 stepping 7, cmov, cx8, fxsr, mmx, sse, sse2, sse3, ssse3, sse4.1, sse4.2, popcnt, avx, clmul, ht, tsc, tscinvbit

Memory: 4k page, physical 4088176k(941808k free), swap 8174492k(3590216k free)

vm_info: OpenJDK 64-Bit Server VM (25.112-b06) for windows-amd64 JRE (1.8.0_112-release-b06), built on Dec  8 2016 00:54:26 by "builder" with MS VC++ 10.0 (VS2010)

time: Thu Jul 13 01:21:37 2017
elapsed time: 4219 seconds (0d 1h 10m 19s)

