#
# A fatal error has been detected by the Java Runtime Environment:
#
#  EXCEPTION_ILLEGAL_INSTRUCTION (0xc000001d) at pc=0x0000000002abee08, pid=2172, tid=0x0000000000001624
#
# JRE version: OpenJDK Runtime Environment (8.0_112-b06) (build 1.8.0_112-release-b06)
# Java VM: OpenJDK 64-Bit Server VM (25.112-b06 mixed mode windows-amd64 compressed oops)
# Problematic frame:
# J 3641 C1 org.gradle.api.internal.AbstractClassGenerator.generateUnderLock(Ljava/lang/Class;)Ljava/lang/Class; (1055 bytes) @ 0x0000000002abee08 [0x0000000002abdf40+0xec8]
#
# Failed to write core dump. Minidumps are not enabled by default on client versions of Windows
#
# If you would like to submit a bug report, please visit:
#   http://bugreport.java.com/bugreport/crash.jsp
#

---------------  T H R E A D  ---------------

Current thread (0x000000005927a000):  JavaThread "Daemon worker" [_thread_in_Java, id=5668, stack(0x000000005b950000,0x000000005ba50000)]

siginfo: ExceptionCode=0xc000001d

Registers:
RAX=0x00000000e1ab8138, RBX=0x0000000000000010, RCX=0x0000000000000000, RDX=0x0000000015b501f8
RSP=0x000000005ba4b990, RBP=0x000000005ba4bcc8, RSI=0x00000000e1aad8c0, RDI=0x00000000e1ab8150
R8 =0x00000000e1a96b68, R9 =0x00000000a05cede0, R10=0x000000000070d5c0, R11=0x0000000015b51610
R12=0x0000000000000000, R13=0x00000000e1ab8138, R14=0x0000000000000061, R15=0x000000005927a000
RIP=0x0000000002abee08, EFLAGS=0x0000000000010246

Top of Stack: (sp=0x000000005ba4b990)
0x000000005ba4b990:   00000000bb000000 0000000000000000
0x000000005ba4b9a0:   0000000015b50ea8 000000005ba4bdf0
0x000000005ba4b9b0:   0000000000000000 0000000063fee3ad
0x000000005ba4b9c0:   00000000591d6d90 0000000057ccac08
0x000000005ba4b9d0:   00000000591d6d90 000000006135cab0
0x000000005ba4b9e0:   000000005927a000 0000000063fee52c
0x000000005ba4b9f0:   0000000057ccac00 0000000000000000
0x000000005ba4ba00:   0000000000000000 0000000063e707f0
0x000000005ba4ba10:   000000005ba4bdf0 0000000063e36840
0x000000005ba4ba20:   0000000000000000 000000005927a000
0x000000005ba4ba30:   000000005ba4bae0 00000000640cc17b
0x000000005ba4ba40:   000000005ba4baa0 000000005ba4bae0
0x000000005ba4ba50:   000000010000000e 00000000a0131030
0x000000005ba4ba60:   00000000a0464930 00000000e1a6ea80
0x000000005ba4ba70:   00000000ffffffff 0000000063fbbb45
0x000000005ba4ba80:   00000000a0131390 000000005ba4bae0 

Instructions: (pc=0x0000000002abee08)
0x0000000002abede8:   08 48 33 c9 89 48 0c 48 33 c9 48 89 48 10 bb 10
0x0000000002abedf8:   00 00 00 48 ba f8 01 b5 15 00 00 00 00 4c 8b e8
0x0000000002abee08:   48 62 db 48 8b fb 48 81 fb ff ff ff 00 0f 87 c7
0x0000000002abee18:   1b 00 00 48 be 17 00 00 00 00 00 00 00 48 8d 34 


Register to memory mapping:

RAX=0x00000000e1ab8138 is an oop
java.lang.StringBuilder 
 - klass: 'java/lang/StringBuilder'
RBX=0x0000000000000010 is an unknown value
RCX=0x0000000000000000 is an unknown value
RDX=0x0000000015b501f8 is pointing into metadata
RSP=0x000000005ba4b990 is pointing into the stack for thread: 0x000000005927a000
RBP=0x000000005ba4bcc8 is pointing into the stack for thread: 0x000000005927a000
RSI=0x00000000e1aad8c0 is an oop
org.gradle.api.internal.AbstractClassGenerator$PropertyMetaData 
 - klass: 'org/gradle/api/internal/AbstractClassGenerator$PropertyMetaData'
RDI=0x00000000e1ab8150 is an oop

[error occurred during error reporting (printing register info), id 0xc0000005]

Stack: [0x000000005b950000,0x000000005ba50000],  sp=0x000000005ba4b990,  free space=1006k
Native frames: (J=compiled Java code, j=interpreted, Vv=VM code, C=native code)
C  0x0000000002abee08


---------------  P R O C E S S  ---------------

Java Threads: ( => current thread )
  0x000000005d33f000 JavaThread "File lock request listener" [_thread_in_native, id=4056, stack(0x000000005fd00000,0x000000005fe00000)]
  0x0000000059390800 JavaThread "Stdin handler" [_thread_blocked, id=3428, stack(0x000000005bd50000,0x000000005be50000)]
  0x000000005927b000 JavaThread "Asynchronous log dispatcher for DefaultDaemonConnection: socket connection from /127.0.0.1:60230 to /127.0.0.1:60231" [_thread_blocked, id=5692, stack(0x000000005bc20000,0x000000005bd20000)]
=>0x000000005927a000 JavaThread "Daemon worker" [_thread_in_Java, id=5668, stack(0x000000005b950000,0x000000005ba50000)]
  0x0000000059d22800 JavaThread "Cancel handler" [_thread_blocked, id=2908, stack(0x000000005ba70000,0x000000005bb70000)]
  0x00000000592ec000 JavaThread "pool-1-thread-1" [_thread_blocked, id=4032, stack(0x000000005aeb0000,0x000000005afb0000)]
  0x00000000592f3000 JavaThread "Handler for socket connection from /127.0.0.1:60230 to /127.0.0.1:60231" [_thread_in_native, id=944, stack(0x000000005b7b0000,0x000000005b8b0000)]
  0x00000000593d5800 JavaThread "Daemon" [_thread_blocked, id=5180, stack(0x000000005b6b0000,0x000000005b7b0000)]
  0x0000000058fb7800 JavaThread "Incoming local TCP Connector on port 60230" [_thread_in_native, id=2156, stack(0x000000005b2e0000,0x000000005b3e0000)]
  0x0000000057d26000 JavaThread "Service Thread" daemon [_thread_blocked, id=4900, stack(0x00000000583d0000,0x00000000584d0000)]
  0x0000000056544000 JavaThread "C1 CompilerThread2" daemon [_thread_blocked, id=4228, stack(0x0000000057a40000,0x0000000057b40000)]
  0x0000000057cc8800 JavaThread "C2 CompilerThread1" daemon [_thread_blocked, id=4828, stack(0x0000000058140000,0x0000000058240000)]
  0x000000005653a800 JavaThread "C2 CompilerThread0" daemon [_thread_in_native, id=4996, stack(0x0000000057bb0000,0x0000000057cb0000)]
  0x000000005654c000 JavaThread "Attach Listener" daemon [_thread_blocked, id=3848, stack(0x00000000574d0000,0x00000000575d0000)]
  0x000000005654b000 JavaThread "Signal Dispatcher" daemon [_thread_blocked, id=4048, stack(0x00000000578c0000,0x00000000579c0000)]
  0x0000000056527000 JavaThread "Finalizer" daemon [_thread_blocked, id=2300, stack(0x0000000057760000,0x0000000057860000)]
  0x00000000564e0000 JavaThread "Reference Handler" daemon [_thread_blocked, id=1720, stack(0x00000000575e0000,0x00000000576e0000)]
  0x00000000022cd800 JavaThread "main" [_thread_blocked, id=2540, stack(0x0000000002590000,0x0000000002690000)]

Other Threads:
  0x00000000564d8000 VMThread [stack: 0x0000000057350000,0x0000000057450000] [id=6088]
  0x0000000057d26800 WatcherThread [stack: 0x0000000058260000,0x0000000058360000] [id=2024]

VM state:not at safepoint (normal execution)

VM Mutex/Monitor currently owned by a thread: None

Heap:
 PSYoungGen      total 99328K, used 28355K [0x00000000e0000000, 0x00000000e8780000, 0x0000000100000000)
  eden space 89600K, 31% used [0x00000000e0000000,0x00000000e1bb0f08,0x00000000e5780000)
  from space 9728K, 0% used [0x00000000e5780000,0x00000000e5780000,0x00000000e6100000)
  to   space 11776K, 0% used [0x00000000e7c00000,0x00000000e7c00000,0x00000000e8780000)
 ParOldGen       total 61440K, used 17994K [0x00000000a0000000, 0x00000000a3c00000, 0x00000000e0000000)
  object space 61440K, 29% used [0x00000000a0000000,0x00000000a1192af0,0x00000000a3c00000)
 Metaspace       used 36690K, capacity 37350K, committed 37632K, reserved 1081344K
  class space    used 4875K, capacity 5087K, committed 5120K, reserved 1048576K

Card table byte_map: [0x0000000011d20000,0x0000000012030000] byte_map_base: 0x0000000011820000

Marking Bits: (ParMarkBitMap*) 0x00000000645a18f0
 Begin Bits: [0x0000000012850000, 0x0000000014050000)
 End Bits:   [0x0000000014050000, 0x0000000015850000)

Polling page: 0x0000000000330000

CodeCache: size=245760Kb used=12142Kb max_used=12154Kb free=233617Kb
 bounds [0x0000000002960000, 0x0000000003570000, 0x0000000011960000]
 total_blobs=4255 nmethods=3547 adapters=620
 compilation: enabled

Compilation events (10 events):
Event: 8.074 Thread 0x0000000056544000 nmethod 3752 0x0000000002b64b50 code [0x0000000002b64ce0, 0x0000000002b65318]
Event: 8.074 Thread 0x0000000056544000 3753       3       org.apache.commons.collections.map.AbstractReferenceMap::purge (29 bytes)
Event: 8.075 Thread 0x0000000056544000 nmethod 3753 0x0000000002d4bc90 code [0x0000000002d4be40, 0x0000000002d4c6c8]
Event: 8.075 Thread 0x0000000056544000 3754       3       org.apache.commons.collections.map.AbstractHashedMap::convertKey (12 bytes)
Event: 8.075 Thread 0x0000000056544000 nmethod 3754 0x0000000002b02d50 code [0x0000000002b02ea0, 0x0000000002b03050]
Event: 8.075 Thread 0x0000000056544000 3755       3       org.apache.commons.collections.map.AbstractHashedMap::hash (36 bytes)
Event: 8.075 Thread 0x0000000056544000 nmethod 3755 0x0000000002d4b810 code [0x0000000002d4b980, 0x0000000002d4bbc8]
Event: 8.075 Thread 0x0000000056544000 3756       1       java.util.Collections$EmptyList::size (2 bytes)
Event: 8.075 Thread 0x0000000056544000 nmethod 3756 0x0000000002b36f10 code [0x0000000002b37060, 0x0000000002b37170]
Event: 8.086 Thread 0x0000000056544000 3760       3       sun.reflect.annotation.AnnotationParser$1::run (40 bytes)

GC Heap History (10 events):
Event: 3.033 GC heap before
{Heap before GC invocations=7 (full 1):
 PSYoungGen      total 72192K, used 7107K [0x00000000e0000000, 0x00000000e5100000, 0x0000000100000000)
  eden space 64512K, 0% used [0x00000000e0000000,0x00000000e0000000,0x00000000e3f00000)
  from space 7680K, 92% used [0x00000000e4780000,0x00000000e4e70e60,0x00000000e4f00000)
  to   space 8704K, 0% used [0x00000000e3f00000,0x00000000e3f00000,0x00000000e4780000)
 ParOldGen       total 44032K, used 8315K [0x00000000a0000000, 0x00000000a2b00000, 0x00000000e0000000)
  object space 44032K, 18% used [0x00000000a0000000,0x00000000a081ef80,0x00000000a2b00000)
 Metaspace       used 20788K, capacity 21100K, committed 21296K, reserved 1067008K
  class space    used 2755K, capacity 2865K, committed 2944K, reserved 1048576K
Event: 3.168 GC heap after
Heap after GC invocations=7 (full 1):
 PSYoungGen      total 72192K, used 0K [0x00000000e0000000, 0x00000000e5100000, 0x0000000100000000)
  eden space 64512K, 0% used [0x00000000e0000000,0x00000000e0000000,0x00000000e3f00000)
  from space 7680K, 0% used [0x00000000e4780000,0x00000000e4780000,0x00000000e4f00000)
  to   space 8704K, 0% used [0x00000000e3f00000,0x00000000e3f00000,0x00000000e4780000)
 ParOldGen       total 38912K, used 8880K [0x00000000a0000000, 0x00000000a2600000, 0x00000000e0000000)
  object space 38912K, 22% used [0x00000000a0000000,0x00000000a08ac078,0x00000000a2600000)
 Metaspace       used 20788K, capacity 21100K, committed 21296K, reserved 1067008K
  class space    used 2755K, capacity 2865K, committed 2944K, reserved 1048576K
}
Event: 4.552 GC heap before
{Heap before GC invocations=8 (full 1):
 PSYoungGen      total 72192K, used 64512K [0x00000000e0000000, 0x00000000e5100000, 0x0000000100000000)
  eden space 64512K, 100% used [0x00000000e0000000,0x00000000e3f00000,0x00000000e3f00000)
  from space 7680K, 0% used [0x00000000e4780000,0x00000000e4780000,0x00000000e4f00000)
  to   space 8704K, 0% used [0x00000000e3f00000,0x00000000e3f00000,0x00000000e4780000)
 ParOldGen       total 38912K, used 8880K [0x00000000a0000000, 0x00000000a2600000, 0x00000000e0000000)
  object space 38912K, 22% used [0x00000000a0000000,0x00000000a08ac078,0x00000000a2600000)
 Metaspace       used 25898K, capacity 26368K, committed 26496K, reserved 1073152K
  class space    used 3568K, capacity 3693K, committed 3712K, reserved 1048576K
Event: 4.602 GC heap after
Heap after GC invocations=8 (full 1):
 PSYoungGen      total 73216K, used 7907K [0x00000000e0000000, 0x00000000e6e00000, 0x0000000100000000)
  eden space 64512K, 0% used [0x00000000e0000000,0x00000000e0000000,0x00000000e3f00000)
  from space 8704K, 90% used [0x00000000e3f00000,0x00000000e46b8cb8,0x00000000e4780000)
  to   space 9728K, 0% used [0x00000000e6480000,0x00000000e6480000,0x00000000e6e00000)
 ParOldGen       total 38912K, used 8880K [0x00000000a0000000, 0x00000000a2600000, 0x00000000e0000000)
  object space 38912K, 22% used [0x00000000a0000000,0x00000000a08ac078,0x00000000a2600000)
 Metaspace       used 25898K, capacity 26368K, committed 26496K, reserved 1073152K
  class space    used 3568K, capacity 3693K, committed 3712K, reserved 1048576K
}
Event: 6.176 GC heap before
{Heap before GC invocations=9 (full 1):
 PSYoungGen      total 73216K, used 72419K [0x00000000e0000000, 0x00000000e6e00000, 0x0000000100000000)
  eden space 64512K, 100% used [0x00000000e0000000,0x00000000e3f00000,0x00000000e3f00000)
  from space 8704K, 90% used [0x00000000e3f00000,0x00000000e46b8cb8,0x00000000e4780000)
  to   space 9728K, 0% used [0x00000000e6480000,0x00000000e6480000,0x00000000e6e00000)
 ParOldGen       total 38912K, used 8880K [0x00000000a0000000, 0x00000000a2600000, 0x00000000e0000000)
  object space 38912K, 22% used [0x00000000a0000000,0x00000000a08ac078,0x00000000a2600000)
 Metaspace       used 29035K, capacity 29440K, committed 29696K, reserved 1075200K
  class space    used 3938K, capacity 4077K, committed 4096K, reserved 1048576K
Event: 6.185 GC heap after
Heap after GC invocations=9 (full 1):
 PSYoungGen      total 95744K, used 5832K [0x00000000e0000000, 0x00000000e6a80000, 0x0000000100000000)
  eden space 89600K, 0% used [0x00000000e0000000,0x00000000e0000000,0x00000000e5780000)
  from space 6144K, 94% used [0x00000000e6480000,0x00000000e6a321a0,0x00000000e6a80000)
  to   space 9728K, 0% used [0x00000000e5780000,0x00000000e5780000,0x00000000e6100000)
 ParOldGen       total 38912K, used 8952K [0x00000000a0000000, 0x00000000a2600000, 0x00000000e0000000)
  object space 38912K, 23% used [0x00000000a0000000,0x00000000a08be088,0x00000000a2600000)
 Metaspace       used 29035K, capacity 29440K, committed 29696K, reserved 1075200K
  class space    used 3938K, capacity 4077K, committed 4096K, reserved 1048576K
}
Event: 7.421 GC heap before
{Heap before GC invocations=10 (full 1):
 PSYoungGen      total 95744K, used 82936K [0x00000000e0000000, 0x00000000e6a80000, 0x0000000100000000)
  eden space 89600K, 86% used [0x00000000e0000000,0x00000000e4b4c048,0x00000000e5780000)
  from space 6144K, 94% used [0x00000000e6480000,0x00000000e6a321a0,0x00000000e6a80000)
  to   space 9728K, 0% used [0x00000000e5780000,0x00000000e5780000,0x00000000e6100000)
 ParOldGen       total 38912K, used 8952K [0x00000000a0000000, 0x00000000a2600000, 0x00000000e0000000)
  object space 38912K, 23% used [0x00000000a0000000,0x00000000a08be088,0x00000000a2600000)
 Metaspace       used 34793K, capacity 35374K, committed 35496K, reserved 1079296K
  class space    used 4652K, capacity 4843K, committed 4864K, reserved 1048576K
Event: 7.521 GC heap after
Heap after GC invocations=10 (full 1):
 PSYoungGen      total 99328K, used 9727K [0x00000000e0000000, 0x00000000e8780000, 0x0000000100000000)
  eden space 89600K, 0% used [0x00000000e0000000,0x00000000e0000000,0x00000000e5780000)
  from space 9728K, 99% used [0x00000000e5780000,0x00000000e60fff08,0x00000000e6100000)
  to   space 11776K, 0% used [0x00000000e7c00000,0x00000000e7c00000,0x00000000e8780000)
 ParOldGen       total 38912K, used 11056K [0x00000000a0000000, 0x00000000a2600000, 0x00000000e0000000)
  object space 38912K, 28% used [0x00000000a0000000,0x00000000a0acc0d8,0x00000000a2600000)
 Metaspace       used 34793K, capacity 35374K, committed 35496K, reserved 1079296K
  class space    used 4652K, capacity 4843K, committed 4864K, reserved 1048576K
}
Event: 7.522 GC heap before
{Heap before GC invocations=11 (full 2):
 PSYoungGen      total 99328K, used 9727K [0x00000000e0000000, 0x00000000e8780000, 0x0000000100000000)
  eden space 89600K, 0% used [0x00000000e0000000,0x00000000e0000000,0x00000000e5780000)
  from space 9728K, 99% used [0x00000000e5780000,0x00000000e60fff08,0x00000000e6100000)
  to   space 11776K, 0% used [0x00000000e7c00000,0x00000000e7c00000,0x00000000e8780000)
 ParOldGen       total 38912K, used 11056K [0x00000000a0000000, 0x00000000a2600000, 0x00000000e0000000)
  object space 38912K, 28% used [0x00000000a0000000,0x00000000a0acc0d8,0x00000000a2600000)
 Metaspace       used 34793K, capacity 35374K, committed 35496K, reserved 1079296K
  class space    used 4652K, capacity 4843K, committed 4864K, reserved 1048576K
Event: 7.698 GC heap after
Heap after GC invocations=11 (full 2):
 PSYoungGen      total 99328K, used 0K [0x00000000e0000000, 0x00000000e8780000, 0x0000000100000000)
  eden space 89600K, 0% used [0x00000000e0000000,0x00000000e0000000,0x00000000e5780000)
  from space 9728K, 0% used [0x00000000e5780000,0x00000000e5780000,0x00000000e6100000)
  to   space 11776K, 0% used [0x00000000e7c00000,0x00000000e7c00000,0x00000000e8780000)
 ParOldGen       total 61440K, used 17994K [0x00000000a0000000, 0x00000000a3c00000, 0x00000000e0000000)
  object space 61440K, 29% used [0x00000000a0000000,0x00000000a1192af0,0x00000000a3c00000)
 Metaspace       used 34793K, capacity 35374K, committed 35496K, reserved 1079296K
  class space    used 4652K, capacity 4843K, committed 4864K, reserved 1048576K
}

Deoptimization events (10 events):
Event: 6.419 Thread 0x000000005927a000 Uncommon trap: reason=bimorphic action=maybe_recompile pc=0x00000000030f3270 method=java.lang.ClassLoader.getPackage(Ljava/lang/String;)Ljava/lang/Package; @ 47
Event: 6.420 Thread 0x000000005927a000 Uncommon trap: reason=bimorphic action=maybe_recompile pc=0x00000000030f3270 method=java.lang.ClassLoader.getPackage(Ljava/lang/String;)Ljava/lang/Package; @ 47
Event: 6.422 Thread 0x000000005927a000 Uncommon trap: reason=bimorphic action=maybe_recompile pc=0x000000000308209c method=java.lang.ClassLoader.getPackage(Ljava/lang/String;)Ljava/lang/Package; @ 47
Event: 6.504 Thread 0x000000005927a000 Uncommon trap: reason=unstable_if action=reinterpret pc=0x000000000311640c method=java.lang.Integer.valueOf(I)Ljava/lang/Integer; @ 3
Event: 6.786 Thread 0x000000005927a000 Uncommon trap: reason=bimorphic action=maybe_recompile pc=0x000000000336f418 method=java.security.MessageDigest$Delegate.engineUpdate([BII)V @ 7
Event: 6.786 Thread 0x000000005927a000 Uncommon trap: reason=bimorphic action=maybe_recompile pc=0x000000000336f418 method=java.security.MessageDigest$Delegate.engineUpdate([BII)V @ 7
Event: 6.786 Thread 0x000000005927a000 Uncommon trap: reason=bimorphic action=maybe_recompile pc=0x0000000003362cb0 method=sun.security.provider.DigestBase.engineUpdate([BII)V @ 128
Event: 7.054 Thread 0x000000005927a000 Uncommon trap: reason=unstable_if action=reinterpret pc=0x00000000030ae998 method=java.util.HashMap.putVal(ILjava/lang/Object;Ljava/lang/Object;ZZ)Ljava/lang/Object; @ 162
Event: 7.054 Thread 0x000000005927a000 Uncommon trap: reason=unstable_if action=reinterpret pc=0x0000000002dee6e8 method=java.util.HashMap.resize()[Ljava/util/HashMap$Node; @ 206
Event: 7.951 Thread 0x000000005927a000 Uncommon trap: reason=unstable_if action=reinterpret pc=0x0000000002df262c method=java.lang.CharacterDataLatin1.isWhitespace(I)Z @ 14

Internal exceptions (10 events):
Event: 7.890 Thread 0x000000005927a000 Exception <a 'java/lang/ClassNotFoundException': org/gradle/api/plugins/JavaPluginConventionBeanInfo> (0x00000000e0950480) thrown at [C:\src\android\AOSP-openjdk\external\jetbrains\jdk\hotspot\src\share\vm\classfile\systemDictionary.cpp, line 210]
Event: 7.891 Thread 0x000000005927a000 Exception <a 'java/lang/ClassNotFoundException': org/gradle/api/plugins/JavaPluginConventionCustomizer> (0x00000000e0985ca0) thrown at [C:\src\android\AOSP-openjdk\external\jetbrains\jdk\hotspot\src\share\vm\classfile\systemDictionary.cpp, line 210]
Event: 8.046 Thread 0x000000005927a000 Exception <a 'java/lang/ClassNotFoundException': com/android/build/gradle/internal/dsl/BuildType_DecoratedBeanInfo> (0x00000000e181ca58) thrown at [C:\src\android\AOSP-openjdk\external\jetbrains\jdk\hotspot\src\share\vm\classfile\systemDictionary.cpp, line¿“W€~ @
Event: 8.046 Thread 0x000000005927a000 Exception <a 'java/lang/ClassNotFoundException': com/android/build/gradle/internal/dsl/BuildTypeBeanInfo> (0x00000000e182dc90) thrown at [C:\src\android\AOSP-openjdk\external\jetbrains\jdk\hotspot\src\share\vm\classfile\systemDictionary.cpp, line 210]
Event: 8.046 Thread 0x000000005927a000 Exception <a 'java/lang/ClassNotFoundException': com/android/builder/core/DefaultBuildTypeBeanInfo> (0x00000000e183dbb8) thrown at [C:\src\android\AOSP-openjdk\external\jetbrains\jdk\hotspot\src\share\vm\classfile\systemDictionary.cpp, line 210]
Event: 8.046 Thread 0x000000005927a000 Exception <a 'java/lang/ClassNotFoundException': com/android/builder/internal/BaseConfigImplBeanInfo> (0x00000000e184e5e8) thrown at [C:\src\android\AOSP-openjdk\external\jetbrains\jdk\hotspot\src\share\vm\classfile\systemDictionary.cpp, line 210]
Event: 8.047 Thread 0x000000005927a000 Exception <a 'java/lang/ClassNotFoundException': com/android/builder/internal/BaseConfigImplCustomizer> (0x00000000e185f3d8) thrown at [C:\src\android\AOSP-openjdk\external\jetbrains\jdk\hotspot\src\share\vm\classfile\systemDictionary.cpp, line 210]
Event: 8.049 Thread 0x000000005927a000 Exception <a 'java/lang/ClassNotFoundException': com/android/builder/core/DefaultBuildTypeCustomizer> (0x00000000e189aba8) thrown at [C:\src\android\AOSP-openjdk\external\jetbrains\jdk\hotspot\src\share\vm\classfile\systemDictionary.cpp, line 210]
Event: 8.050 Thread 0x000000005927a000 Exception <a 'java/lang/ClassNotFoundException': com/android/build/gradle/internal/dsl/BuildTypeCustomizer> (0x00000000e18c93c0) thrown at [C:\src\android\AOSP-openjdk\external\jetbrains\jdk\hotspot\src\share\vm\classfile\systemDictionary.cpp, line 210]
Event: 8.052 Thread 0x000000005927a000 Exception <a 'java/lang/ClassNotFoundException': com/android/build/gradle/internal/dsl/BuildType_DecoratedCustomizer> (0x00000000e1912790) thrown at [C:\src\android\AOSP-openjdk\external\jetbrains\jdk\hotspot\src\share\vm\classfile\systemDictionary.cpp, li

Events (10 events):
Event: 8.083 loading class com/android/build/gradle/internal/tasks/SourceSetsTask
Event: 8.083 loading class com/android/build/gradle/internal/tasks/SourceSetsTask done
Event: 8.083 loading class org/gradle/api/tasks/diagnostics/AbstractReportTask
Event: 8.083 loading class org/gradle/api/tasks/diagnostics/AbstractReportTask done
Event: 8.084 loading class org/gradle/api/tasks/diagnostics/internal/ProjectReportGenerator
Event: 8.084 loading class org/gradle/api/tasks/diagnostics/internal/ProjectReportGenerator done
Event: 8.084 loading class org/gradle/api/tasks/diagnostics/internal/ReportRenderer
Event: 8.085 loading class org/gradle/api/tasks/diagnostics/internal/ReportRenderer done
Event: 8.085 loading class org/gradle/api/tasks/diagnostics/internal/ReportRenderer
Event: 8.085 loading class org/gradle/api/tasks/diagnostics/internal/ReportRenderer done


Dynamic libraries:
0x000000013fa10000 - 0x000000013fa41000 	C:\Program Files\Android\Android Studio\jre\bin\java.exe
0x0000000076ea0000 - 0x000000007704a000 	C:\Windows\SYSTEM32\ntdll.dll
0x0000000076c80000 - 0x0000000076d9f000 	C:\Windows\system32\kernel32.dll
0x000007fefccf0000 - 0x000007fefcd5a000 	C:\Windows\system32\KERNELBASE.dll
0x000007fefd2d0000 - 0x000007fefd3ab000 	C:\Windows\system32\ADVAPI32.dll
0x000007fefd8e0000 - 0x000007fefd97f000 	C:\Windows\system32\msvcrt.dll
0x000007fefd080000 - 0x000007fefd09f000 	C:\Windows\SYSTEM32\sechost.dll
0x000007fefcf50000 - 0x000007fefd07d000 	C:\Windows\system32\RPCRT4.dll
0x0000000076da0000 - 0x0000000076e9a000 	C:\Windows\system32\USER32.dll
0x000007feff140000 - 0x000007feff1a7000 	C:\Windows\system32\GDI32.dll
0x000007fefd170000 - 0x000007fefd17e000 	C:\Windows\system32\LPK.dll
0x000007fefd200000 - 0x000007fefd2cb000 	C:\Windows\system32\USP10.dll
0x000007fefb390000 - 0x000007fefb584000 	C:\Windows\WinSxS\amd64_microsoft.windows.common-controls_6595b64144ccf1df_6.0.7601.18837_none_fa3b1e3d17594757\COMCTL32.dll
0x000007fefd180000 - 0x000007fefd1f1000 	C:\Windows\system32\SHLWAPI.dll
0x000007fefd140000 - 0x000007fefd16e000 	C:\Windows\system32\IMM32.DLL
0x000007fefd400000 - 0x000007fefd509000 	C:\Windows\system32\MSCTF.dll
0x00000000686d0000 - 0x00000000687a2000 	C:\Program Files\Android\Android Studio\jre\jre\bin\msvcr100.dll
0x0000000063de0000 - 0x000000006461c000 	C:\Program Files\Android\Android Studio\jre\jre\bin\server\jvm.dll
0x000007fefb370000 - 0x000007fefb379000 	C:\Windows\system32\WSOCK32.dll
0x000007fefd3b0000 - 0x000007fefd3fd000 	C:\Windows\system32\WS2_32.dll
0x000007fefd5f0000 - 0x000007fefd5f8000 	C:\Windows\system32\NSI.dll
0x000007fefa6a0000 - 0x000007fefa6db000 	C:\Windows\system32\WINMM.dll
0x000007fefbc70000 - 0x000007fefbc7c000 	C:\Windows\system32\VERSION.dll
0x0000000077070000 - 0x0000000077077000 	C:\Windows\system32\PSAPI.DLL
0x000007fefb380000 - 0x000007fefb38f000 	C:\Program Files\Android\Android Studio\jre\jre\bin\verify.dll
0x000007fef5440000 - 0x000007fef5469000 	C:\Program Files\Android\Android Studio\jre\jre\bin\java.dll
0x000007fef5eb0000 - 0x000007fef5ec6000 	C:\Program Files\Android\Android Studio\jre\jre\bin\zip.dll
0x000007fefdc50000 - 0x000007fefe9db000 	C:\Windows\system32\SHELL32.dll
0x000007fefedb0000 - 0x000007fefefac000 	C:\Windows\system32\ole32.dll
0x000007fefcb90000 - 0x000007fefcb9f000 	C:\Windows\system32\profapi.dll
0x000007fef57d0000 - 0x000007fef57ea000 	C:\Program Files\Android\Android Studio\jre\jre\bin\net.dll
0x000007fefc360000 - 0x000007fefc3b5000 	C:\Windows\system32\mswsock.dll
0x000007fefc350000 - 0x000007fefc357000 	C:\Windows\System32\wship6.dll
0x000007fef5320000 - 0x000007fef5331000 	C:\Program Files\Android\Android Studio\jre\jre\bin\nio.dll
0x000007fef4ba0000 - 0x000007fef4bbe000 	C:\Users\hungpt\.gradle\native\23\windows-amd64\native-platform.dll
0x000007fefc3c0000 - 0x000007fefc3d8000 	C:\Windows\system32\CRYPTSP.dll
0x000007fefc0c0000 - 0x000007fefc107000 	C:\Windows\system32\rsaenh.dll
0x000007fefcdc0000 - 0x000007fefcdde000 	C:\Windows\system32\USERENV.dll
0x000007fefca30000 - 0x000007fefca3f000 	C:\Windows\system32\CRYPTBASE.dll
0x000007fef9b60000 - 0x000007fef9b87000 	C:\Windows\system32\IPHLPAPI.DLL
0x000007fef9b50000 - 0x000007fef9b5b000 	C:\Windows\system32\WINNSI.DLL
0x000007fef9a70000 - 0x000007fef9a81000 	C:\Windows\system32\dhcpcsvc6.DLL
0x000007fef9a50000 - 0x000007fef9a68000 	C:\Windows\system32\dhcpcsvc.DLL
0x000007fefa050000 - 0x000007fefa05d000 	C:\Program Files\Android\Android Studio\jre\jre\bin\management.dll
0x000007fefc9d0000 - 0x000007fefca27000 	C:\Windows\system32\apphelp.dll
0x000007fef4f80000 - 0x000007fef50a5000 	C:\Windows\system32\dbghelp.dll

VM Arguments:
jvm_args: -Xmx1536m -Dfile.encoding=windows-1252 -Duser.country=US -Duser.language=en -Duser.variant 
java_command: org.gradle.launcher.daemon.bootstrap.GradleDaemon 3.3
java_class_path (initial): C:\Users\hungpt\.gradle\wrapper\dists\gradle-3.3-all\55gk2rcmfc6p2dg9u9ohc3hw9\gradle-3.3\lib\gradle-launcher-3.3.jar
Launcher Type: SUN_STANDARD

Environment Variables:
PATH=C:\ProgramData\Oracle\Java\javapath;c:\Program Files (x86)\AMD APP\bin\x86_64;c:\Program Files (x86)\AMD APP\bin\x86;C:\Windows\system32;C:\Windows;C:\Windows\System32\Wbem;C:\Windows\System32\WindowsPowerShell\v1.0\;c:\Program Files (x86)\ATI Technologies\ATI.ACE\Core-Static;C:\Program Files (x86)\Skype\Phone\
USERNAME=hungpt
OS=Windows_NT
PROCESSOR_IDENTIFIER=Intel64 Family 6 Model 42 Stepping 7, GenuineIntel



---------------  S Y S T E M  ---------------

OS: Windows 7 , 64 bit Build 7601 (6.1.7601.23807)

CPU:total 4 (2 cores per cpu, 2 threads per core) family 6 model 42 stepping 7, cmov, cx8, fxsr, mmx, sse, sse2, sse3, ssse3, sse4.1, sse4.2, popcnt, avx, clmul, ht, tsc, tscinvbit

Memory: 4k page, physical 4088176k(1114420k free), swap 8174492k(3722292k free)

vm_info: OpenJDK 64-Bit Server VM (25.112-b06) for windows-amd64 JRE (1.8.0_112-release-b06), built on Dec  8 2016 00:54:26 by "builder" with MS VC++ 10.0 (VS2010)

time: Thu Jul 13 01:23:33 2017
elapsed time: 8 seconds (0d 0h 0m 8s)

