#
# A fatal error has been detected by the Java Runtime Environment:
#
#  EXCEPTION_ACCESS_VIOLATION (0xc0000005) at pc=0x000000006516e9b8, pid=4256, tid=0x0000000000000ae4
#
# JRE version: OpenJDK Runtime Environment (8.0_112-b06) (build 1.8.0_112-release-b06)
# Java VM: OpenJDK 64-Bit Server VM (25.112-b06 mixed mode windows-amd64 compressed oops)
# Problematic frame:
# V  [jvm.dll+0xee9b8]
#
# Failed to write core dump. Minidumps are not enabled by default on client versions of Windows
#
# If you would like to submit a bug report, please visit:
#   http://bugreport.java.com/bugreport/crash.jsp
#

---------------  T H R E A D  ---------------

Current thread (0x0000000001d3c000):  GCTaskThread [stack: 0x0000000011e40000,0x0000000011f40000] [id=2788]

siginfo: ExceptionCode=0xc0000005, reading address 0xffffffffffffffff

Registers:
RAX=0x0000000012310000, RBX=0x0000000000000100, RCX=0x0000000000000000, RDX=0x0000000000000020
RSP=0x0000000011f3f4d0, RBP=0x00000000a030ae08, RSI=0x0000000000000004, RDI=0x0000000055ef4bc0
R8 =0x007fffffffb00000, R9 =0x0000000000000004, R10=0x000000000000000c, R11=0x000000000000024b
R12=0x00000000a030ae0c, R13=0x0000000015612068, R14=0x0000000015612070, R15=0x00000000a030adc8
RIP=0x000000006516e9b8, EFLAGS=0x0000000000010202

Top of Stack: (sp=0x0000000011f3f4d0)
0x0000000011f3f4d0:   00000000a0f78790 00000000a030ade8
0x0000000011f3f4e0:   0000000000000004 0000000055ef4bc0
0x0000000011f3f4f0:   0000000000000000 0000000001d3c400
0x0000000011f3f500:   0000000001d3aa80 0000000055ef4bc0
0x0000000011f3f510:   00000000a030adc8 0000000065174585
0x0000000011f3f520:   0000000056451298 0000000055ef4bc0
0x0000000011f3f530:   0000000055ef4bc0 0000000065692168
0x0000000011f3f540:   0000000011f3f669 0000000065441fc0
0x0000000011f3f550:   0000000055ef4bc0 0000000055ef4bc0
0x0000000011f3f560:   0000000065692168 0000000000000249
0x0000000011f3f570:   0000000056450a68 0000000011f3f620
0x0000000011f3f580:   00000000583cb850 0000000000000004
0x0000000011f3f590:   0000000055ef4bc0 000000006516d0b2
0x0000000011f3f5a0:   00000000a0791bf0 0000000000000000
0x0000000011f3f5b0:   0000000000000000 0000000001d3aa80
0x0000000011f3f5c0:   0000000001d3c410 0000000001d3c400 

Instructions: (pc=0x000000006516e9b8)
0x000000006516e998:   05 53 2f 6d 00 49 c1 e8 03 49 d3 e8 41 0f b6 c0
0x000000006516e9a8:   49 c1 e8 06 24 3f 0f b6 d0 48 8b 05 68 2f 6d 00
0x000000006516e9b8:   4a 8b 0c c0 48 0f a3 d1 0f 82 59 01 00 00 0f b6
0x000000006516e9c8:   15 a4 8e 6c 00 84 d2 74 16 44 8b 43 08 8b 0d 7d 


Register to memory mapping:

RAX=0x0000000012310000 is an unknown value
RBX=0x0000000000000100 is an unknown value
RCX=0x0000000000000000 is an unknown value
RDX=0x0000000000000020 is an unknown value
RSP=0x0000000011f3f4d0 is an unknown value
RBP=0x00000000a030ae08 is pointing into object: 0x00000000a030adc8
java.lang.Class 
 - klass: 'java/lang/Class'
RSI=0x0000000000000004 is an unknown value
RDI=0x0000000055ef4bc0 is an unknown value
R8 =0x007fffffffb00000 is an unknown value
R9 =0x0000000000000004 is an unknown value
R10=0x000000000000000c is an unknown value
R11=0x000000000000024b is an unknown value
R12=0x00000000a030ae0c is pointing into object: 0x00000000a030adc8
java.lang.Class 
 - klass: 'java/lang/Class'
R13=0x0000000015612068 is pointing into metadata
R14=0x0000000015612070 is pointing into metadata
R15=0x00000000a030adc8 is an oop
java.lang.Class 
 - klass: 'java/lang/Class'


Stack: [0x0000000011e40000,0x0000000011f40000],  sp=0x0000000011f3f4d0,  free space=1021k
Native frames: (J=compiled Java code, j=interpreted, Vv=VM code, C=native code)
V  [jvm.dll+0xee9b8]
V  [jvm.dll+0xf4585]
V  [jvm.dll+0x3c1fc0]
V  [jvm.dll+0x3bf230]
V  [jvm.dll+0x3bce6e]
V  [jvm.dll+0x26c13a]
C  [msvcr100.dll+0x21d9f]
C  [msvcr100.dll+0x21e3b]
C  [kernel32.dll+0x1652d]
C  [ntdll.dll+0x2c541]


---------------  P R O C E S S  ---------------

Java Threads: ( => current thread )
  0x000000005dc02800 JavaThread "pool-14-thread-4" [_thread_blocked, id=2584, stack(0x0000000065ea0000,0x0000000065fa0000)]
  0x000000005dc01000 JavaThread "pool-14-thread-3" [_thread_blocked, id=3140, stack(0x0000000065d90000,0x0000000065e90000)]
  0x000000005dbff800 JavaThread "pool-14-thread-2" [_thread_blocked, id=4924, stack(0x0000000065940000,0x0000000065a40000)]
  0x000000005dbfe800 JavaThread "pool-13-thread-4" [_thread_blocked, id=4812, stack(0x0000000064eb0000,0x0000000064fb0000)]
  0x000000005dbfe000 JavaThread "pool-13-thread-3" [_thread_blocked, id=4284, stack(0x0000000064d10000,0x0000000064e10000)]
  0x000000005dbfd000 JavaThread "pool-13-thread-2" [_thread_blocked, id=4544, stack(0x00000000647d0000,0x00000000648d0000)]
  0x000000005c889000 JavaThread "pool-19-thread-1" [_thread_blocked, id=4540, stack(0x00000000642c0000,0x00000000643c0000)]
  0x000000005c883000 JavaThread "pool-17-thread-1" [_thread_blocked, id=1576, stack(0x00000000643c0000,0x00000000644c0000)]
  0x000000005c882800 JavaThread "pool-14-thread-1" [_thread_blocked, id=4512, stack(0x0000000064190000,0x0000000064290000)]
  0x000000005a460000 JavaThread "pool-13-thread-1" [_thread_blocked, id=2384, stack(0x0000000063fe0000,0x00000000640e0000)]
  0x000000005a45e800 JavaThread "pool-11-thread-3" [_thread_blocked, id=4784, stack(0x00000000615b0000,0x00000000616b0000)]
  0x000000005a45d800 JavaThread "pool-11-thread-4" [_thread_blocked, id=4188, stack(0x0000000063c40000,0x0000000063d40000)]
  0x000000005a45d000 JavaThread "pool-11-thread-2" [_thread_blocked, id=4796, stack(0x00000000633b0000,0x00000000634b0000)]
  0x0000000058f2c800 JavaThread "pool-11-thread-1" [_thread_blocked, id=5092, stack(0x000000005b730000,0x000000005b830000)]
  0x0000000058f2d000 JavaThread "pool-9-thread-4" [_thread_blocked, id=4108, stack(0x0000000061770000,0x0000000061870000)]
  0x0000000058f2b800 JavaThread "pool-9-thread-3" [_thread_blocked, id=4508, stack(0x0000000063ad0000,0x0000000063bd0000)]
  0x0000000058f2b000 JavaThread "pool-9-thread-2" [_thread_blocked, id=2924, stack(0x00000000619a0000,0x0000000061aa0000)]
  0x0000000058f2a000 JavaThread "pool-9-thread-1" [_thread_blocked, id=388, stack(0x000000005e410000,0x000000005e510000)]
  0x0000000058f28800 JavaThread "Cache update executor" [_thread_blocked, id=2960, stack(0x000000005f9c0000,0x000000005fac0000)]
  0x0000000058f27000 JavaThread "Stdin handler" [_thread_blocked, id=4276, stack(0x0000000059980000,0x0000000059a80000)]
  0x000000005a303800 JavaThread "Asynchronous log dispatcher for DefaultDaemonConnection: socket connection from /127.0.0.1:49570 to /127.0.0.1:49630" [_thread_blocked, id=3764, stack(0x000000005b940000,0x000000005ba40000)]
  0x000000005a306800 JavaThread "Daemon worker Thread 2" [_thread_blocked, id=4680, stack(0x000000005b830000,0x000000005b930000)]
  0x000000005a30a800 JavaThread "Cancel handler" [_thread_blocked, id=4652, stack(0x000000005b2e0000,0x000000005b3e0000)]
  0x000000005a309800 JavaThread "Handler for socket connection from /127.0.0.1:49570 to /127.0.0.1:49630" [_thread_in_native, id=4936, stack(0x000000005b610000,0x000000005b710000)]
  0x000000005a309000 JavaThread "Daemon Thread 2" [_thread_blocked, id=5044, stack(0x000000005b1e0000,0x000000005b2e0000)]
  0x0000000059260000 JavaThread "File lock request listener" [_thread_in_native, id=3040, stack(0x000000005bd10000,0x000000005be10000)]
  0x0000000058553800 JavaThread "pool-1-thread-1" [_thread_blocked, id=2724, stack(0x000000005b480000,0x000000005b580000)]
  0x0000000058a5e800 JavaThread "Incoming local TCP Connector on port 49570" [_thread_in_native, id=4268, stack(0x000000005aa70000,0x000000005ab70000)]
  0x0000000056005800 JavaThread "Service Thread" daemon [_thread_blocked, id=4308, stack(0x0000000057e60000,0x0000000057f60000)]
  0x0000000056004800 JavaThread "C1 CompilerThread2" daemon [_thread_blocked, id=1236, stack(0x0000000057170000,0x0000000057270000)]
  0x0000000056002000 JavaThread "C2 CompilerThread1" daemon [_thread_blocked, id=4524, stack(0x0000000056ef0000,0x0000000056ff0000)]
  0x0000000055ffa800 JavaThread "C2 CompilerThread0" daemon [_thread_blocked, id=4260, stack(0x00000000578a0000,0x00000000579a0000)]
  0x000000005600c000 JavaThread "Attach Listener" daemon [_thread_blocked, id=4192, stack(0x0000000057780000,0x0000000057880000)]
  0x000000005600b000 JavaThread "Signal Dispatcher" daemon [_thread_blocked, id=3956, stack(0x0000000057620000,0x0000000057720000)]
  0x0000000055fe7000 JavaThread "Finalizer" daemon [_thread_blocked, id=2284, stack(0x0000000057440000,0x0000000057540000)]
  0x0000000055fa0000 JavaThread "Reference Handler" daemon [_thread_blocked, id=2280, stack(0x00000000572b0000,0x00000000573b0000)]
  0x0000000001e5d800 JavaThread "main" [_thread_blocked, id=5088, stack(0x0000000002000000,0x0000000002100000)]

Other Threads:
  0x0000000055f98000 VMThread [stack: 0x0000000057050000,0x0000000057150000] [id=2420]
  0x0000000057a08800 WatcherThread [stack: 0x0000000057f70000,0x0000000058070000] [id=624]

=>0x0000000001d3c000 (exited) GCTaskThread [stack: 0x0000000011e40000,0x0000000011f40000] [id=2788]

VM state:at safepoint (normal execution)

VM Mutex/Monitor currently owned by a thread:  ([mutex/lock_event])
[0x0000000001e5bd80] Threads_lock - owner thread: 0x0000000055f98000
[0x0000000001e5c280] Heap_lock - owner thread: 0x000000005a460000

Heap:
 PSYoungGen      total 206336K, used 19961K [0x00000000e0000000, 0x00000000ef280000, 0x0000000100000000)
  eden space 186368K, 0% used [0x00000000e0000000,0x00000000e0000000,0x00000000eb600000)
  from space 19968K, 99% used [0x00000000ecf00000,0x00000000ee27e600,0x00000000ee280000)
  to   space 25600K, 0% used [0x00000000eb600000,0x00000000eb600000,0x00000000ecf00000)
 ParOldGen       total 75264K, used 70308K [0x00000000a0000000, 0x00000000a4980000, 0x00000000e0000000)
  object space 75264K, 93% used [0x00000000a0000000,0x00000000a44a91a0,0x00000000a4980000)
 Metaspace       used 74888K, capacity 77696K, committed 77824K, reserved 1116160K
  class space    used 9596K, capacity 10179K, committed 10240K, reserved 1048576K

Card table byte_map: [0x0000000011790000,0x0000000011aa0000] byte_map_base: 0x0000000011290000

Marking Bits: (ParMarkBitMap*) 0x00000000658418f0
 Begin Bits: [0x0000000012310000, 0x0000000013b10000)
 End Bits:   [0x0000000013b10000, 0x0000000015310000)

Polling page: 0x0000000001c40000

CodeCache: size=245760Kb used=40669Kb max_used=40669Kb free=205090Kb
 bounds [0x00000000023d0000, 0x0000000004bc0000, 0x00000000113d0000]
 total_blobs=12609 nmethods=11791 adapters=729
 compilation: enabled

Compilation events (10 events):
Event: 1398.404 Thread 0x0000000056004800 nmethod 14462 0x0000000004bb4a90 code [0x0000000004bb4be0, 0x0000000004bb4d90]
Event: 1398.407 Thread 0x0000000056004800 14465       2       com.android.dx.dex.file.MethodIdItem::getMethodRef (8 bytes)
Event: 1398.407 Thread 0x0000000056004800 nmethod 14465 0x0000000004bb4e50 code [0x0000000004bb4fa0, 0x0000000004bb5110]
Event: 1398.407 Thread 0x0000000056004800 14468       2       com.android.dx.dex.code.ZeroSizeInsn::writeTo (1 bytes)
Event: 1398.407 Thread 0x0000000056004800 nmethod 14468 0x0000000004bb5190 code [0x0000000004bb52e0, 0x0000000004bb5430]
Event: 1398.407 Thread 0x0000000056004800 14464       2       com.android.dx.dex.file.FieldIdItem::getTypoidIdx (17 bytes)
Event: 1398.408 Thread 0x0000000056004800 nmethod 14464 0x0000000004bb54d0 code [0x0000000004bb5640, 0x0000000004bb5838]
Event: 1398.408 Thread 0x0000000056004800 14466       2       com.android.dx.dex.file.MethodIdItem::getTypoidIdx (17 bytes)
Event: 1398.408 Thread 0x0000000056004800 nmethod 14466 0x0000000004bb5a50 code [0x0000000004bb5bc0, 0x0000000004bb5d88]
Event: 1398.408 Thread 0x0000000056004800 14467       2       com.android.dx.dex.file.ProtoIdsSection::indexOf (49 bytes)

GC Heap History (10 events):
Event: 169.692 GC heap after
Heap after GC invocations=33 (full 3):
 PSYoungGen      total 157184K, used 11716K [0x00000000e0000000, 0x00000000eae00000, 0x0000000100000000)
  eden space 138240K, 0% used [0x00000000e0000000,0x00000000e0000000,0x00000000e8700000)
  from space 18944K, 61% used [0x00000000e9a00000,0x00000000ea5712c0,0x00000000eac80000)
  to   space 19456K, 0% used [0x00000000e8700000,0x00000000e8700000,0x00000000e9a00000)
 ParOldGen       total 75264K, used 55676K [0x00000000a0000000, 0x00000000a4980000, 0x00000000e0000000)
  object space 75264K, 73% used [0x00000000a0000000,0x00000000a365f310,0x00000000a4980000)
 Metaspace       used 65719K, capacity 68172K, committed 68352K, reserved 1107968K
  class space    used 8656K, capacity 9187K, committed 9216K, reserved 1048576K
}
Event: 1387.169 GC heap before
{Heap before GC invocations=34 (full 3):
 PSYoungGen      total 157184K, used 149956K [0x00000000e0000000, 0x00000000eae00000, 0x0000000100000000)
  eden space 138240K, 100% used [0x00000000e0000000,0x00000000e8700000,0x00000000e8700000)
  from space 18944K, 61% used [0x00000000e9a00000,0x00000000ea5712c0,0x00000000eac80000)
  to   space 19456K, 0% used [0x00000000e8700000,0x00000000e8700000,0x00000000e9a00000)
 ParOldGen       total 75264K, used 55676K [0x00000000a0000000, 0x00000000a4980000, 0x00000000e0000000)
  object space 75264K, 73% used [0x00000000a0000000,0x00000000a365f310,0x00000000a4980000)
 Metaspace       used 66011K, capacity 68528K, committed 68608K, reserved 1107968K
  class space    used 8666K, capacity 9197K, committed 9216K, reserved 1048576K
Event: 1387.215 GC heap after
Heap after GC invocations=34 (full 3):
 PSYoungGen      total 157696K, used 5309K [0x00000000e0000000, 0x00000000ec880000, 0x0000000100000000)
  eden space 138240K, 0% used [0x00000000e0000000,0x00000000e0000000,0x00000000e8700000)
  from space 19456K, 27% used [0x00000000e8700000,0x00000000e8c2f7a0,0x00000000e9a00000)
  to   space 18944K, 0% used [0x00000000eb600000,0x00000000eb600000,0x00000000ec880000)
 ParOldGen       total 75264K, used 56112K [0x00000000a0000000, 0x00000000a4980000, 0x00000000e0000000)
  object space 75264K, 74% used [0x00000000a0000000,0x00000000a36cc2e8,0x00000000a4980000)
 Metaspace       used 66011K, capacity 68528K, committed 68608K, reserved 1107968K
  class space    used 8666K, capacity 9197K, committed 9216K, reserved 1048576K
}
Event: 1392.069 GC heap before
{Heap before GC invocations=35 (full 3):
 PSYoungGen      total 157696K, used 143549K [0x00000000e0000000, 0x00000000ec880000, 0x0000000100000000)
  eden space 138240K, 100% used [0x00000000e0000000,0x00000000e8700000,0x00000000e8700000)
  from space 19456K, 27% used [0x00000000e8700000,0x00000000e8c2f7a0,0x00000000e9a00000)
  to   space 18944K, 0% used [0x00000000eb600000,0x00000000eb600000,0x00000000ec880000)
 ParOldGen       total 75264K, used 56112K [0x00000000a0000000, 0x00000000a4980000, 0x00000000e0000000)
  object space 75264K, 74% used [0x00000000a0000000,0x00000000a36cc2e8,0x00000000a4980000)
 Metaspace       used 70812K, capacity 73424K, committed 73600K, reserved 1114112K
  class space    used 9240K, capacity 9747K, committed 9856K, reserved 1048576K
Event: 1392.100 GC heap after
Heap after GC invocations=35 (full 3):
 PSYoungGen      total 184320K, used 12250K [0x00000000e0000000, 0x00000000ec800000, 0x0000000100000000)
  eden space 165888K, 0% used [0x00000000e0000000,0x00000000e0000000,0x00000000ea200000)
  from space 18432K, 66% used [0x00000000eb600000,0x00000000ec1f6990,0x00000000ec800000)
  to   space 19456K, 0% used [0x00000000ea200000,0x00000000ea200000,0x00000000eb500000)
 ParOldGen       total 75264K, used 57060K [0x00000000a0000000, 0x00000000a4980000, 0x00000000e0000000)
  object space 75264K, 75% used [0x00000000a0000000,0x00000000a37b93b0,0x00000000a4980000)
 Metaspace       used 70812K, capacity 73424K, committed 73600K, reserved 1114112K
  class space    used 9240K, capacity 9747K, committed 9856K, reserved 1048576K
}
Event: 1396.303 GC heap before
{Heap before GC invocations=36 (full 3):
 PSYoungGen      total 184320K, used 178138K [0x00000000e0000000, 0x00000000ec800000, 0x0000000100000000)
  eden space 165888K, 100% used [0x00000000e0000000,0x00000000ea200000,0x00000000ea200000)
  from space 18432K, 66% used [0x00000000eb600000,0x00000000ec1f6990,0x00000000ec800000)
  to   space 19456K, 0% used [0x00000000ea200000,0x00000000ea200000,0x00000000eb500000)
 ParOldGen       total 75264K, used 57060K [0x00000000a0000000, 0x00000000a4980000, 0x00000000e0000000)
  object space 75264K, 75% used [0x00000000a0000000,0x00000000a37b93b0,0x00000000a4980000)
 Metaspace       used 74016K, capacity 76768K, committed 77056K, reserved 1116160K
  class space    used 9556K, capacity 10147K, committed 10240K, reserved 1048576K
Event: 1396.337 GC heap after
Heap after GC invocations=36 (full 3):
 PSYoungGen      total 185344K, used 11879K [0x00000000e0000000, 0x00000000ee280000, 0x0000000100000000)
  eden space 165888K, 0% used [0x00000000e0000000,0x00000000e0000000,0x00000000ea200000)
  from space 19456K, 61% used [0x00000000ea200000,0x00000000ead99f98,0x00000000eb500000)
  to   space 19968K, 0% used [0x00000000ecf00000,0x00000000ecf00000,0x00000000ee280000)
 ParOldGen       total 75264K, used 63681K [0x00000000a0000000, 0x00000000a4980000, 0x00000000e0000000)
  object space 75264K, 84% used [0x00000000a0000000,0x00000000a3e30418,0x00000000a4980000)
 Metaspace       used 74016K, capacity 76768K, committed 77056K, reserved 1116160K
  class space    used 9556K, capacity 10147K, committed 10240K, reserved 1048576K
}
Event: 1398.409 GC heap before
{Heap before GC invocations=37 (full 3):
 PSYoungGen      total 185344K, used 177767K [0x00000000e0000000, 0x00000000ee280000, 0x0000000100000000)
  eden space 165888K, 100% used [0x00000000e0000000,0x00000000ea200000,0x00000000ea200000)
  from space 19456K, 61% used [0x00000000ea200000,0x00000000ead99f98,0x00000000eb500000)
  to   space 19968K, 0% used [0x00000000ecf00000,0x00000000ecf00000,0x00000000ee280000)
 ParOldGen       total 75264K, used 63681K [0x00000000a0000000, 0x00000000a4980000, 0x00000000e0000000)
  object space 75264K, 84% used [0x00000000a0000000,0x00000000a3e30418,0x00000000a4980000)
 Metaspace       used 74888K, capacity 77696K, committed 77824K, reserved 1116160K
  class space    used 9596K, capacity 10179K, committed 10240K, reserved 1048576K
Event: 1398.544 GC heap after
Heap after GC invocations=37 (full 3):
 PSYoungGen      total 206336K, used 19961K [0x00000000e0000000, 0x00000000ef280000, 0x0000000100000000)
  eden space 186368K, 0% used [0x00000000e0000000,0x00000000e0000000,0x00000000eb600000)
  from space 19968K, 99% used [0x00000000ecf00000,0x00000000ee27e600,0x00000000ee280000)
  to   space 25600K, 0% used [0x00000000eb600000,0x00000000eb600000,0x00000000ecf00000)
 ParOldGen       total 75264K, used 70308K [0x00000000a0000000, 0x00000000a4980000, 0x00000000e0000000)
  object space 75264K, 93% used [0x00000000a0000000,0x00000000a44a91a0,0x00000000a4980000)
 Metaspace       used 74888K, capacity 77696K, committed 77824K, reserved 1116160K
  class space    used 9596K, capacity 10179K, committed 10240K, reserved 1048576K
}
Event: 1398.544 GC heap before
{Heap before GC invocations=38 (full 4):
 PSYoungGen      total 206336K, used 19961K [0x00000000e0000000, 0x00000000ef280000, 0x0000000100000000)
  eden space 186368K, 0% used [0x00000000e0000000,0x00000000e0000000,0x00000000eb600000)
  from space 19968K, 99% used [0x00000000ecf00000,0x00000000ee27e600,0x00000000ee280000)
  to   space 25600K, 0% used [0x00000000eb600000,0x00000000eb600000,0x00000000ecf00000)
 ParOldGen       total 75264K, used 70308K [0x00000000a0000000, 0x00000000a4980000, 0x00000000e0000000)
  object space 75264K, 93% used [0x00000000a0000000,0x00000000a44a91a0,0x00000000a4980000)
 Metaspace       used 74888K, capacity 77696K, committed 77824K, reserved 1116160K
  class space    used 9596K, capacity 10179K, committed 10240K, reserved 1048576K

Deoptimization events (10 events):
Event: 1397.777 Thread 0x0000000058f2c800 Uncommon trap: reason=class_check action=maybe_recompile pc=0x00000000040acee8 method=java.util.zip.ZipOutputStream.writeShort(I)V @ 13
Event: 1397.777 Thread 0x0000000058f2c800 Uncommon trap: reason=class_check action=maybe_recompile pc=0x00000000040ae660 method=java.util.zip.ZipOutputStream.writeInt(J)V @ 14
Event: 1397.777 Thread 0x0000000058f2c800 Uncommon trap: reason=class_check action=maybe_recompile pc=0x00000000040ae660 method=java.util.zip.ZipOutputStream.writeInt(J)V @ 14
Event: 1397.777 Thread 0x0000000058f2c800 Uncommon trap: reason=class_check action=maybe_recompile pc=0x00000000040ae660 method=java.util.zip.ZipOutputStream.writeInt(J)V @ 14
Event: 1397.777 Thread 0x0000000058f2c800 Uncommon trap: reason=class_check action=maybe_recompile pc=0x00000000040acee8 method=java.util.zip.ZipOutputStream.writeShort(I)V @ 13
Event: 1397.778 Thread 0x0000000058f2c800 Uncommon trap: reason=class_check action=maybe_recompile pc=0x00000000040b0a48 method=java.util.zip.DeflaterOutputStream.deflate()V @ 32
Event: 1397.787 Thread 0x0000000058f2c800 Uncommon trap: reason=class_check action=maybe_recompile pc=0x00000000040b0a48 method=java.util.zip.DeflaterOutputStream.deflate()V @ 32
Event: 1397.787 Thread 0x0000000058f2c800 Uncommon trap: reason=class_check action=maybe_recompile pc=0x00000000040b0a48 method=java.util.zip.DeflaterOutputStream.deflate()V @ 32
Event: 1397.787 Thread 0x0000000058f2c800 Uncommon trap: reason=class_check action=maybe_recompile pc=0x00000000040b0a48 method=java.util.zip.DeflaterOutputStream.deflate()V @ 32
Event: 1397.977 Thread 0x000000005a45d800 Uncommon trap: reason=unloaded action=reinterpret pc=0x0000000003dad0c4 method=com.android.dx.cf.cst.ConstantPoolParser.parse0(ILjava/util/BitSet;)Lcom/android/dx/rop/cst/Constant; @ 198

Internal exceptions (10 events):
Event: 1387.927 Thread 0x000000005a306800 Exception <a 'sun/nio/fs/WindowsException'> (0x00000000e1d1b910) thrown at [C:\src\android\AOSP-openjdk\external\jetbrains\jdk\hotspot\src\share\vm\prims\jni.cpp, line 709]
Event: 1387.927 Thread 0x000000005a306800 Exception <a 'sun/nio/fs/WindowsException'> (0x00000000e1d1d488) thrown at [C:\src\android\AOSP-openjdk\external\jetbrains\jdk\hotspot\src\share\vm\prims\jni.cpp, line 709]
Event: 1387.927 Thread 0x000000005a306800 Exception <a 'sun/nio/fs/WindowsException'> (0x00000000e1d1e008) thrown at [C:\src\android\AOSP-openjdk\external\jetbrains\jdk\hotspot\src\share\vm\prims\jni.cpp, line 709]
Event: 1387.928 Thread 0x000000005a306800 Exception <a 'sun/nio/fs/WindowsException'> (0x00000000e1d21900) thrown at [C:\src\android\AOSP-openjdk\external\jetbrains\jdk\hotspot\src\share\vm\prims\jni.cpp, line 709]
Event: 1387.928 Thread 0x000000005a306800 Exception <a 'sun/nio/fs/WindowsException'> (0x00000000e1d22458) thrown at [C:\src\android\AOSP-openjdk\external\jetbrains\jdk\hotspot\src\share\vm\prims\jni.cpp, line 709]
Event: 1387.928 Thread 0x000000005a306800 Exception <a 'sun/nio/fs/WindowsException'> (0x00000000e1d23ff8) thrown at [C:\src\android\AOSP-openjdk\external\jetbrains\jdk\hotspot\src\share\vm\prims\jni.cpp, line 709]
Event: 1387.928 Thread 0x000000005a306800 Exception <a 'sun/nio/fs/WindowsException'> (0x00000000e1d24b88) thrown at [C:\src\android\AOSP-openjdk\external\jetbrains\jdk\hotspot\src\share\vm\prims\jni.cpp, line 709]
Event: 1392.105 Thread 0x000000005a306800 Implicit null exception at 0x000000000458fa15 to 0x00000000045900ed
Event: 1395.816 Thread 0x0000000058f28800 Exception <a 'java/lang/NoSuchMethodError': <clinit>> (0x00000000e8152188) thrown at [C:\src\android\AOSP-openjdk\external\jetbrains\jdk\hotspot\src\share\vm\prims\jni.cpp, line 1613]
Event: 1397.906 Thread 0x0000000058f2b000 Exception <a 'sun/nio/fs/WindowsException'> (0x00000000e64238d8) thrown at [C:\src\android\AOSP-openjdk\external\jetbrains\jdk\hotspot\src\share\vm\prims\jni.cpp, line 709]

Events (10 events):
Event: 1398.276 Thread 0x000000005dbfe800 DEOPT UNPACKING pc=0x00000000024175bf sp=0x0000000064fae830 mode 0
Event: 1398.280 Thread 0x000000005dbfe800 DEOPT PACKING pc=0x00000000049abbca sp=0x0000000064fae9e0
Event: 1398.280 Thread 0x000000005dbfe800 DEOPT UNPACKING pc=0x00000000024175bf sp=0x0000000064fae7a0 mode 0
Event: 1398.290 Thread 0x000000005dbfe000 DEOPT PACKING pc=0x000000000494a05c sp=0x0000000064e0ee60
Event: 1398.290 Thread 0x000000005dbfe000 DEOPT UNPACKING pc=0x00000000024175bf sp=0x0000000064e0ebe0 mode 0
Event: 1398.316 Thread 0x000000005dbfe000 DEOPT PACKING pc=0x000000000495a9cb sp=0x0000000064e0f0d0
Event: 1398.316 Thread 0x000000005dbfe000 DEOPT UNPACKING pc=0x00000000024175bf sp=0x0000000064e0ede8 mode 0
Event: 1398.383 Thread 0x000000005a460000 DEOPT PACKING pc=0x00000000049a04fd sp=0x00000000640de5a0
Event: 1398.383 Thread 0x000000005a460000 DEOPT UNPACKING pc=0x00000000024175bf sp=0x00000000640de330 mode 0
Event: 1398.408 Executing VM operation: ParallelGCFailedAllocation


Dynamic libraries:
0x000000013f840000 - 0x000000013f871000 	C:\Program Files\Android\Android Studio\jre\bin\java.exe
0x0000000076f40000 - 0x00000000770e9000 	C:\Windows\SYSTEM32\ntdll.dll
0x0000000076e20000 - 0x0000000076f3f000 	C:\Windows\system32\kernel32.dll
0x000007fefced0000 - 0x000007fefcf3b000 	C:\Windows\system32\KERNELBASE.dll
0x000007fefe970000 - 0x000007fefea4b000 	C:\Windows\system32\ADVAPI32.dll
0x000007feff0d0000 - 0x000007feff16f000 	C:\Windows\system32\msvcrt.dll
0x000007fefe4b0000 - 0x000007fefe4cf000 	C:\Windows\SYSTEM32\sechost.dll
0x000007fefe4d0000 - 0x000007fefe5fd000 	C:\Windows\system32\RPCRT4.dll
0x0000000076d20000 - 0x0000000076e1a000 	C:\Windows\system32\USER32.dll
0x000007fefeec0000 - 0x000007fefef27000 	C:\Windows\system32\GDI32.dll
0x000007fefe960000 - 0x000007fefe96e000 	C:\Windows\system32\LPK.dll
0x000007fefe3e0000 - 0x000007fefe4a9000 	C:\Windows\system32\USP10.dll
0x000007fefb700000 - 0x000007fefb8f4000 	C:\Windows\WinSxS\amd64_microsoft.windows.common-controls_6595b64144ccf1df_6.0.7601.17514_none_fa396087175ac9ac\COMCTL32.dll
0x000007fefeff0000 - 0x000007feff061000 	C:\Windows\system32\SHLWAPI.dll
0x000007fefe930000 - 0x000007fefe95e000 	C:\Windows\system32\IMM32.DLL
0x000007fefe820000 - 0x000007fefe929000 	C:\Windows\system32\MSCTF.dll
0x0000000073c40000 - 0x0000000073d12000 	C:\Program Files\Android\Android Studio\jre\jre\bin\msvcr100.dll
0x0000000065080000 - 0x00000000658bc000 	C:\Program Files\Android\Android Studio\jre\jre\bin\server\jvm.dll
0x000007fefa420000 - 0x000007fefa429000 	C:\Windows\system32\WSOCK32.dll
0x000007fefd290000 - 0x000007fefd2dd000 	C:\Windows\system32\WS2_32.dll
0x000007fefe600000 - 0x000007fefe608000 	C:\Windows\system32\NSI.dll
0x000007fefa550000 - 0x000007fefa58b000 	C:\Windows\system32\WINMM.dll
0x000007fefc180000 - 0x000007fefc18c000 	C:\Windows\system32\VERSION.dll
0x0000000077100000 - 0x0000000077107000 	C:\Windows\system32\PSAPI.DLL
0x000007fefa410000 - 0x000007fefa41f000 	C:\Program Files\Android\Android Studio\jre\jre\bin\verify.dll
0x000007fee8f90000 - 0x000007fee8fb9000 	C:\Program Files\Android\Android Studio\jre\jre\bin\java.dll
0x000007fef15f0000 - 0x000007fef1606000 	C:\Program Files\Android\Android Studio\jre\jre\bin\zip.dll
0x000007fefd380000 - 0x000007fefe108000 	C:\Windows\system32\SHELL32.dll
0x000007fefe610000 - 0x000007fefe813000 	C:\Windows\system32\ole32.dll
0x000007fefccf0000 - 0x000007fefccff000 	C:\Windows\system32\profapi.dll
0x000007fee9410000 - 0x000007fee942a000 	C:\Program Files\Android\Android Studio\jre\jre\bin\net.dll
0x000007fefc460000 - 0x000007fefc4b5000 	C:\Windows\system32\mswsock.dll
0x000007fefc6c0000 - 0x000007fefc6c7000 	C:\Windows\System32\wship6.dll
0x000007fee8e00000 - 0x000007fee8e11000 	C:\Program Files\Android\Android Studio\jre\jre\bin\nio.dll
0x000007fef16d0000 - 0x000007fef16ee000 	C:\Users\hungpt\.gradle\native\23\windows-amd64\native-platform.dll
0x000007fefc4c0000 - 0x000007fefc4d7000 	C:\Windows\system32\CRYPTSP.dll
0x000007fefc0f0000 - 0x000007fefc137000 	C:\Windows\system32\rsaenh.dll
0x000007fefce20000 - 0x000007fefce3e000 	C:\Windows\system32\USERENV.dll
0x000007fefcb50000 - 0x000007fefcb5f000 	C:\Windows\system32\CRYPTBASE.dll
0x000007fefa7f0000 - 0x000007fefa817000 	C:\Windows\system32\IPHLPAPI.DLL
0x000007fefa7e0000 - 0x000007fefa7eb000 	C:\Windows\system32\WINNSI.DLL
0x000007fefa0a0000 - 0x000007fefa0b8000 	C:\Windows\system32\dhcpcsvc.DLL
0x000007fefa060000 - 0x000007fefa071000 	C:\Windows\system32\dhcpcsvc6.DLL
0x000007fef7d10000 - 0x000007fef7d1d000 	C:\Program Files\Android\Android Studio\jre\jre\bin\management.dll
0x000007fefcaf0000 - 0x000007fefcb47000 	C:\Windows\system32\apphelp.dll
0x000007fee82e0000 - 0x000007fee8304000 	C:\Program Files\Android\Android Studio\jre\jre\bin\sunec.dll
0x000007fefc1c0000 - 0x000007fefc1c7000 	C:\Windows\System32\wshtcpip.dll
0x000007fefc2f0000 - 0x000007fefc34b000 	C:\Windows\system32\DNSAPI.dll
0x000007fef8370000 - 0x000007fef8378000 	C:\Windows\system32\rasadhlp.dll
0x000007fefa000000 - 0x000007fefa053000 	C:\Windows\System32\fwpuclnt.dll
0x000007fef2050000 - 0x000007fef205b000 	C:\Program Files\Android\Android Studio\jre\jre\bin\sunmscapi.dll
0x000007fefcf40000 - 0x000007fefd0a7000 	C:\Windows\system32\CRYPT32.dll
0x000007fefcd00000 - 0x000007fefcd0f000 	C:\Windows\system32\MSASN1.dll
0x000007fef9ce0000 - 0x000007fef9e05000 	C:\Windows\system32\dbghelp.dll

VM Arguments:
jvm_args: -Xmx1536m -Dfile.encoding=windows-1252 -Duser.country=US -Duser.language=en -Duser.variant 
java_command: org.gradle.launcher.daemon.bootstrap.GradleDaemon 3.3
java_class_path (initial): C:\Users\hungpt\.gradle\wrapper\dists\gradle-3.3-all\55gk2rcmfc6p2dg9u9ohc3hw9\gradle-3.3\lib\gradle-launcher-3.3.jar
Launcher Type: SUN_STANDARD

Environment Variables:
PATH=c:\Program Files (x86)\AMD APP\bin\x86_64;c:\Program Files (x86)\AMD APP\bin\x86;C:\Windows\system32;C:\Windows;C:\Windows\System32\Wbem;C:\Windows\System32\WindowsPowerShell\v1.0\;c:\Program Files (x86)\ATI Technologies\ATI.ACE\Core-Static
USERNAME=hungpt
OS=Windows_NT
PROCESSOR_IDENTIFIER=Intel64 Family 6 Model 42 Stepping 7, GenuineIntel



---------------  S Y S T E M  ---------------

OS: Windows 7 , 64 bit Build 7601 (6.1.7601.18015)

CPU:total 4 (2 cores per cpu, 2 threads per core) family 6 model 42 stepping 7, cmov, cx8, fxsr, mmx, sse, sse2, sse3, ssse3, sse4.1, sse4.2, popcnt, avx, clmul, ht, tsc, tscinvbit

Memory: 4k page, physical 4088176k(621848k free), swap 8174488k(3782648k free)

vm_info: OpenJDK 64-Bit Server VM (25.112-b06) for windows-amd64 JRE (1.8.0_112-release-b06), built on Dec  8 2016 00:54:26 by "builder" with MS VC++ 10.0 (VS2010)

time: Sun Jun 18 12:01:26 2017
elapsed time: 1398 seconds (0d 0h 23m 18s)

